<?xml version="1.0" encoding="UTF-8"?>
<robot generator="Robot 5.0.1 (Python 3.10.5 on win32)" generated="20220714 15:16:16.299" rpa="false" schemaversion="3">
<suite id="s1" name="LoginTest" source="C:\Users\Gobinda\AluTest\Testcases\LoginTest.robot">
<kw name="Open My Browser" library="GenericKeyword" type="SETUP">
<kw name="Open Browser" library="SeleniumLibrary">
<arg>${HomePageUrl}</arg>
<arg>chrome</arg>
<doc>Opens a new browser instance to the optional ``url``.</doc>
<msg timestamp="20220714 15:16:16.682" level="INFO">Opening browser 'chrome' to base url 'https://www.ddecor.com/'.</msg>
<status status="PASS" starttime="20220714 15:16:16.680" endtime="20220714 15:16:20.828"/>
</kw>
<kw name="Maximize Browser Window" library="SeleniumLibrary">
<doc>Maximizes current browser window.</doc>
<status status="PASS" starttime="20220714 15:16:20.829" endtime="20220714 15:16:21.009"/>
</kw>
<kw name="Sleep" library="BuiltIn">
<arg>1</arg>
<doc>Pauses the test executed for the given time.</doc>
<msg timestamp="20220714 15:16:22.023" level="INFO">Slept 1 second</msg>
<status status="PASS" starttime="20220714 15:16:21.009" endtime="20220714 15:16:22.023"/>
</kw>
<kw name="Close PopUp" library="GenericKeyword">
<try>
<branch type="TRY">
<kw name="Element Should Not Be Visible" library="SeleniumLibrary">
<arg>${Close_popup}</arg>
<doc>Verifies that the element identified by ``locator`` is NOT visible.</doc>
<msg timestamp="20220714 15:16:22.053" level="INFO">Element '//a[@class='close_no_thanks']' did not exist.</msg>
<status status="PASS" starttime="20220714 15:16:22.025" endtime="20220714 15:16:22.069"/>
</kw>
<status status="PASS" starttime="20220714 15:16:22.024" endtime="20220714 15:16:22.069"/>
</branch>
<branch type="EXCEPT">
<kw name="Click Element" library="SeleniumLibrary">
<arg>${Close_popup}</arg>
<doc>Click the element identified by ``locator``.</doc>
<status status="NOT RUN" starttime="20220714 15:16:22.069" endtime="20220714 15:16:22.069"/>
</kw>
<kw name="Sleep" library="BuiltIn">
<arg>3</arg>
<doc>Pauses the test executed for the given time.</doc>
<status status="NOT RUN" starttime="20220714 15:16:22.069" endtime="20220714 15:16:22.069"/>
</kw>
<try>
<branch type="TRY">
<kw name="Element Should Not Be Visible" library="SeleniumLibrary">
<arg>${Close_popup}</arg>
<doc>Verifies that the element identified by ``locator`` is NOT visible.</doc>
<status status="NOT RUN" starttime="20220714 15:16:22.069" endtime="20220714 15:16:22.069"/>
</kw>
<status status="NOT RUN" starttime="20220714 15:16:22.069" endtime="20220714 15:16:22.069"/>
</branch>
<branch type="EXCEPT">
<kw name="Click Element" library="SeleniumLibrary">
<arg>${Close_popup}</arg>
<doc>Click the element identified by ``locator``.</doc>
<status status="NOT RUN" starttime="20220714 15:16:22.069" endtime="20220714 15:16:22.069"/>
</kw>
<kw name="Sleep" library="BuiltIn">
<arg>3</arg>
<doc>Pauses the test executed for the given time.</doc>
<status status="NOT RUN" starttime="20220714 15:16:22.069" endtime="20220714 15:16:22.069"/>
</kw>
<try>
<branch type="TRY">
<kw name="Element Should Not Be Visible" library="SeleniumLibrary">
<arg>${Close_popup}</arg>
<doc>Verifies that the element identified by ``locator`` is NOT visible.</doc>
<status status="NOT RUN" starttime="20220714 15:16:22.069" endtime="20220714 15:16:22.069"/>
</kw>
<status status="NOT RUN" starttime="20220714 15:16:22.069" endtime="20220714 15:16:22.069"/>
</branch>
<branch type="EXCEPT">
<kw name="Click Element" library="SeleniumLibrary">
<arg>${Close_popup}</arg>
<doc>Click the element identified by ``locator``.</doc>
<status status="NOT RUN" starttime="20220714 15:16:22.069" endtime="20220714 15:16:22.069"/>
</kw>
<status status="NOT RUN" starttime="20220714 15:16:22.069" endtime="20220714 15:16:22.069"/>
</branch>
<status status="NOT RUN" starttime="20220714 15:16:22.069" endtime="20220714 15:16:22.069"/>
</try>
<status status="NOT RUN" starttime="20220714 15:16:22.069" endtime="20220714 15:16:22.069"/>
</branch>
<status status="NOT RUN" starttime="20220714 15:16:22.069" endtime="20220714 15:16:22.069"/>
</try>
<status status="NOT RUN" starttime="20220714 15:16:22.069" endtime="20220714 15:16:22.069"/>
</branch>
<status status="PASS" starttime="20220714 15:16:22.024" endtime="20220714 15:16:22.069"/>
</try>
<status status="PASS" starttime="20220714 15:16:22.024" endtime="20220714 15:16:22.069"/>
</kw>
<kw name="Verify Homepage" library="GenericKeyword">
<kw name="Element Should Be Visible" library="SeleniumLibrary">
<arg>${User_icon}</arg>
<doc>Verifies that the element identified by ``locator`` is visible.</doc>
<msg timestamp="20220714 15:16:22.113" level="INFO">Element '//i[@class='meigee-account']' is displayed.</msg>
<status status="PASS" starttime="20220714 15:16:22.069" endtime="20220714 15:16:22.113"/>
</kw>
<status status="PASS" starttime="20220714 15:16:22.069" endtime="20220714 15:16:22.113"/>
</kw>
<status status="PASS" starttime="20220714 15:16:16.680" endtime="20220714 15:16:22.113"/>
</kw>
<test id="s1-t1" name="Login Test using User Id as gobinda.cemk07@gmail.com and Password as " line="12">
<kw name="User Login">
<arg>gobinda.cemk07@gmail.com</arg>
<arg>${EMPTY}</arg>
<kw name="Go To" library="SeleniumLibrary">
<arg>${HomePageUrl}</arg>
<doc>Navigates the current browser window to the provided ``url``.</doc>
<msg timestamp="20220714 15:16:22.116" level="INFO">Opening url 'https://www.ddecor.com/'</msg>
<status status="PASS" starttime="20220714 15:16:22.116" endtime="20220714 15:16:23.120"/>
</kw>
<kw name="Close PopUp" library="GenericKeyword">
<try>
<branch type="TRY">
<kw name="Element Should Not Be Visible" library="SeleniumLibrary">
<arg>${Close_popup}</arg>
<doc>Verifies that the element identified by ``locator`` is NOT visible.</doc>
<msg timestamp="20220714 15:16:23.212" level="INFO">Element '//a[@class='close_no_thanks']' did not exist.</msg>
<status status="PASS" starttime="20220714 15:16:23.120" endtime="20220714 15:16:23.212"/>
</kw>
<status status="PASS" starttime="20220714 15:16:23.120" endtime="20220714 15:16:23.212"/>
</branch>
<branch type="EXCEPT">
<kw name="Click Element" library="SeleniumLibrary">
<arg>${Close_popup}</arg>
<doc>Click the element identified by ``locator``.</doc>
<status status="NOT RUN" starttime="20220714 15:16:23.212" endtime="20220714 15:16:23.212"/>
</kw>
<kw name="Sleep" library="BuiltIn">
<arg>3</arg>
<doc>Pauses the test executed for the given time.</doc>
<status status="NOT RUN" starttime="20220714 15:16:23.212" endtime="20220714 15:16:23.212"/>
</kw>
<try>
<branch type="TRY">
<kw name="Element Should Not Be Visible" library="SeleniumLibrary">
<arg>${Close_popup}</arg>
<doc>Verifies that the element identified by ``locator`` is NOT visible.</doc>
<status status="NOT RUN" starttime="20220714 15:16:23.212" endtime="20220714 15:16:23.212"/>
</kw>
<status status="NOT RUN" starttime="20220714 15:16:23.212" endtime="20220714 15:16:23.212"/>
</branch>
<branch type="EXCEPT">
<kw name="Click Element" library="SeleniumLibrary">
<arg>${Close_popup}</arg>
<doc>Click the element identified by ``locator``.</doc>
<status status="NOT RUN" starttime="20220714 15:16:23.212" endtime="20220714 15:16:23.212"/>
</kw>
<kw name="Sleep" library="BuiltIn">
<arg>3</arg>
<doc>Pauses the test executed for the given time.</doc>
<status status="NOT RUN" starttime="20220714 15:16:23.212" endtime="20220714 15:16:23.212"/>
</kw>
<try>
<branch type="TRY">
<kw name="Element Should Not Be Visible" library="SeleniumLibrary">
<arg>${Close_popup}</arg>
<doc>Verifies that the element identified by ``locator`` is NOT visible.</doc>
<status status="NOT RUN" starttime="20220714 15:16:23.212" endtime="20220714 15:16:23.212"/>
</kw>
<status status="NOT RUN" starttime="20220714 15:16:23.212" endtime="20220714 15:16:23.212"/>
</branch>
<branch type="EXCEPT">
<kw name="Click Element" library="SeleniumLibrary">
<arg>${Close_popup}</arg>
<doc>Click the element identified by ``locator``.</doc>
<status status="NOT RUN" starttime="20220714 15:16:23.212" endtime="20220714 15:16:23.212"/>
</kw>
<status status="NOT RUN" starttime="20220714 15:16:23.212" endtime="20220714 15:16:23.213"/>
</branch>
<status status="NOT RUN" starttime="20220714 15:16:23.212" endtime="20220714 15:16:23.213"/>
</try>
<status status="NOT RUN" starttime="20220714 15:16:23.212" endtime="20220714 15:16:23.213"/>
</branch>
<status status="NOT RUN" starttime="20220714 15:16:23.212" endtime="20220714 15:16:23.213"/>
</try>
<status status="NOT RUN" starttime="20220714 15:16:23.212" endtime="20220714 15:16:23.213"/>
</branch>
<status status="PASS" starttime="20220714 15:16:23.120" endtime="20220714 15:16:23.213"/>
</try>
<status status="PASS" starttime="20220714 15:16:23.120" endtime="20220714 15:16:23.215"/>
</kw>
<kw name="Go To Sign Form" library="Login_Resources">
<kw name="Mouse Over" library="SeleniumLibrary">
<arg>${User_icon}</arg>
<doc>Simulates hovering the mouse over the element ``locator``.</doc>
<msg timestamp="20220714 15:16:23.215" level="INFO">Simulating Mouse Over on element '//i[@class='meigee-account']'.</msg>
<status status="PASS" starttime="20220714 15:16:23.215" endtime="20220714 15:16:23.554"/>
</kw>
<kw name="Sleep" library="BuiltIn">
<arg>2</arg>
<doc>Pauses the test executed for the given time.</doc>
<msg timestamp="20220714 15:16:25.557" level="INFO">Slept 2 seconds</msg>
<status status="PASS" starttime="20220714 15:16:23.554" endtime="20220714 15:16:25.557"/>
</kw>
<kw name="Click Link" library="SeleniumLibrary">
<arg>${Login_Header_Link}</arg>
<doc>Clicks a link identified by ``locator``.</doc>
<msg timestamp="20220714 15:16:25.557" level="INFO">Clicking link '//div[@class='dropdown-item account']//a[text()='Log In']'.</msg>
<status status="PASS" starttime="20220714 15:16:25.557" endtime="20220714 15:16:26.916"/>
</kw>
<status status="PASS" starttime="20220714 15:16:23.215" endtime="20220714 15:16:26.916"/>
</kw>
<kw name="Input Username" library="Login_Resources">
<arg>${UserName}</arg>
<kw name="Input Text" library="SeleniumLibrary">
<arg>${User_id_inputbox}</arg>
<arg>${UserName}</arg>
<doc>Types the given ``text`` into the text field identified by ``locator``.</doc>
<msg timestamp="20220714 15:16:26.920" level="INFO">Typing text 'gobinda.cemk07@gmail.com' into text field '//input[@name='login[username]']'.</msg>
<status status="PASS" starttime="20220714 15:16:26.917" endtime="20220714 15:16:27.184"/>
</kw>
<status status="PASS" starttime="20220714 15:16:26.917" endtime="20220714 15:16:27.184"/>
</kw>
<kw name="Input Passwd" library="Login_Resources">
<arg>${Password}</arg>
<kw name="Input Password" library="SeleniumLibrary">
<arg>${Password_inputbox}</arg>
<arg>${Password}</arg>
<doc>Types the given password into the text field identified by ``locator``.</doc>
<msg timestamp="20220714 15:16:27.186" level="INFO">Typing password into text field '//input[@name='login[password]']'.</msg>
<msg timestamp="20220714 15:16:27.236" level="INFO">Temporally setting log level to: NONE</msg>
<msg timestamp="20220714 15:16:27.298" level="INFO">Log level changed from NONE to INFO.</msg>
<status status="PASS" starttime="20220714 15:16:27.185" endtime="20220714 15:16:27.298"/>
</kw>
<status status="PASS" starttime="20220714 15:16:27.185" endtime="20220714 15:16:27.299"/>
</kw>
<kw name="Submit Filled Up Login Form" library="Login_Resources">
<kw name="Click Button" library="SeleniumLibrary">
<arg>${Signin_submit_button}</arg>
<doc>Clicks the button identified by ``locator``.</doc>
<msg timestamp="20220714 15:16:27.299" level="INFO">Clicking button '//button[@id='send2' and @class='action login primary']'.</msg>
<status status="PASS" starttime="20220714 15:16:27.299" endtime="20220714 15:16:27.444"/>
</kw>
<status status="PASS" starttime="20220714 15:16:27.299" endtime="20220714 15:16:27.444"/>
</kw>
<kw name="Set Global Variable" library="BuiltIn">
<arg>$end_of_test</arg>
<arg>${False}</arg>
<doc>Makes a variable available globally in all tests and suites.</doc>
<msg timestamp="20220714 15:16:27.447" level="INFO">${end_of_test} = False</msg>
<status status="PASS" starttime="20220714 15:16:27.444" endtime="20220714 15:16:27.447"/>
</kw>
<if>
<branch type="IF" condition="&quot;${UserName}&quot; == &quot;${EMPTY}&quot;">
<kw name="Element Should Be Visible" library="SeleniumLibrary">
<arg>${Email_Error}</arg>
<doc>Verifies that the element identified by ``locator`` is visible.</doc>
<status status="NOT RUN" starttime="20220714 15:16:27.449" endtime="20220714 15:16:27.449"/>
</kw>
<kw name="Login Should Fail" library="Login_Resources">
<status status="NOT RUN" starttime="20220714 15:16:27.450" endtime="20220714 15:16:27.450"/>
</kw>
<kw name="Set Global Variable" library="BuiltIn">
<arg>$end_of_test</arg>
<arg>${True}</arg>
<doc>Makes a variable available globally in all tests and suites.</doc>
<status status="NOT RUN" starttime="20220714 15:16:27.450" endtime="20220714 15:16:27.450"/>
</kw>
<status status="NOT RUN" starttime="20220714 15:16:27.449" endtime="20220714 15:16:27.450"/>
</branch>
<status status="PASS" starttime="20220714 15:16:27.447" endtime="20220714 15:16:27.450"/>
</if>
<if>
<branch type="IF" condition="&quot;${end_of_test}&quot; == &quot;${False}&quot;">
<if>
<branch type="IF" condition="&quot;${Password}&quot; == &quot;${EMPTY}&quot;">
<kw name="Element Should Be Visible" library="SeleniumLibrary">
<arg>${Password_error}</arg>
<doc>Verifies that the element identified by ``locator`` is visible.</doc>
<msg timestamp="20220714 15:16:27.504" level="INFO">Element '//input[@name='login[password]' and @aria-describedby='pass-error']' is displayed.</msg>
<status status="PASS" starttime="20220714 15:16:27.451" endtime="20220714 15:16:27.504"/>
</kw>
<kw name="Login Should Fail" library="Login_Resources">
<kw name="Page Should Contain Element" library="SeleniumLibrary">
<arg>${Login_Header_Link}</arg>
<doc>Verifies that element ``locator`` is found on the current page.</doc>
<msg timestamp="20220714 15:16:27.514" level="INFO">Current page contains element '//div[@class='dropdown-item account']//a[text()='Log In']'.</msg>
<status status="PASS" starttime="20220714 15:16:27.505" endtime="20220714 15:16:27.515"/>
</kw>
<kw name="Page Should Not Contain Element" library="SeleniumLibrary">
<arg>${Logout_Header_Link}</arg>
<doc>Verifies that element ``locator`` is not found on the current page.</doc>
<msg timestamp="20220714 15:16:27.539" level="INFO">Current page does not contain element '//div[@class='dropdown-item account']//a[text()='Log Out']'.</msg>
<status status="PASS" starttime="20220714 15:16:27.516" endtime="20220714 15:16:27.539"/>
</kw>
<status status="PASS" starttime="20220714 15:16:27.505" endtime="20220714 15:16:27.539"/>
</kw>
<kw name="Set Global Variable" library="BuiltIn">
<arg>$end_of_test</arg>
<arg>${True}</arg>
<doc>Makes a variable available globally in all tests and suites.</doc>
<msg timestamp="20220714 15:16:27.540" level="INFO">${end_of_test} = True</msg>
<status status="PASS" starttime="20220714 15:16:27.539" endtime="20220714 15:16:27.540"/>
</kw>
<status status="PASS" starttime="20220714 15:16:27.451" endtime="20220714 15:16:27.540"/>
</branch>
<status status="PASS" starttime="20220714 15:16:27.450" endtime="20220714 15:16:27.540"/>
</if>
<status status="PASS" starttime="20220714 15:16:27.450" endtime="20220714 15:16:27.540"/>
</branch>
<status status="PASS" starttime="20220714 15:16:27.450" endtime="20220714 15:16:27.540"/>
</if>
<if>
<branch type="IF" condition="&quot;${end_of_test}&quot; == &quot;${False}&quot;">
<try>
<branch type="TRY">
<kw name="Should Match Regexp" library="BuiltIn">
<arg>${UserName}</arg>
<arg>[A-Za-z0-9.]+@[a-zA-Z0-9]+.com</arg>
<doc>Fails if ``string`` does not match ``pattern`` as a regular expression.</doc>
<status status="NOT RUN" starttime="20220714 15:16:27.541" endtime="20220714 15:16:27.541"/>
</kw>
<status status="NOT RUN" starttime="20220714 15:16:27.541" endtime="20220714 15:16:27.541"/>
</branch>
<branch type="EXCEPT">
<kw name="Element Should Be Visible" library="SeleniumLibrary">
<arg>${Email_Error}</arg>
<doc>Verifies that the element identified by ``locator`` is visible.</doc>
<status status="NOT RUN" starttime="20220714 15:16:27.542" endtime="20220714 15:16:27.542"/>
</kw>
<kw name="Login Should Fail" library="Login_Resources">
<status status="NOT RUN" starttime="20220714 15:16:27.542" endtime="20220714 15:16:27.542"/>
</kw>
<kw name="Set Global Variable" library="BuiltIn">
<arg>$end_of_test</arg>
<arg>${True}</arg>
<doc>Makes a variable available globally in all tests and suites.</doc>
<status status="NOT RUN" starttime="20220714 15:16:27.542" endtime="20220714 15:16:27.543"/>
</kw>
<status status="NOT RUN" starttime="20220714 15:16:27.541" endtime="20220714 15:16:27.543"/>
</branch>
<status status="NOT RUN" starttime="20220714 15:16:27.541" endtime="20220714 15:16:27.543"/>
</try>
<status status="NOT RUN" starttime="20220714 15:16:27.540" endtime="20220714 15:16:27.543"/>
</branch>
<status status="PASS" starttime="20220714 15:16:27.540" endtime="20220714 15:16:27.543"/>
</if>
<if>
<branch type="IF" condition="&quot;${end_of_test}&quot; == &quot;${False}&quot;">
<kw name="Set Global Variable" library="BuiltIn">
<arg>$userMatched</arg>
<arg>${False}</arg>
<doc>Makes a variable available globally in all tests and suites.</doc>
<status status="NOT RUN" starttime="20220714 15:16:27.543" endtime="20220714 15:16:27.543"/>
</kw>
<for flavor="IN">
<var>${profile}</var>
<value>@{Valid_User_info_list}</value>
<iter>
<var name="${profile}"/>
<if>
<branch type="IF" condition="'${UserName}' == '${profile[&quot;User_ID&quot;]}'">
<if>
<branch type="IF" condition="'${Password}' == '${profile[&quot;Password&quot;]}'">
<kw name="Login Should Pass" library="Login_Resources">
<status status="NOT RUN" starttime="20220714 15:16:27.544" endtime="20220714 15:16:27.544"/>
</kw>
<kw name="Sleep" library="BuiltIn">
<arg>5</arg>
<doc>Pauses the test executed for the given time.</doc>
<status status="NOT RUN" starttime="20220714 15:16:27.544" endtime="20220714 15:16:27.544"/>
</kw>
<kw name="Click Logout Header Link" library="Login_Resources">
<status status="NOT RUN" starttime="20220714 15:16:27.544" endtime="20220714 15:16:27.544"/>
</kw>
<kw name="Logout Should Pass" library="Login_Resources">
<status status="NOT RUN" starttime="20220714 15:16:27.545" endtime="20220714 15:16:27.545"/>
</kw>
<kw name="Sleep" library="BuiltIn">
<arg>5</arg>
<doc>Pauses the test executed for the given time.</doc>
<status status="NOT RUN" starttime="20220714 15:16:27.545" endtime="20220714 15:16:27.545"/>
</kw>
<kw name="Set Global Variable" library="BuiltIn">
<arg>$userMatched</arg>
<arg>${True}</arg>
<doc>Makes a variable available globally in all tests and suites.</doc>
<status status="NOT RUN" starttime="20220714 15:16:27.545" endtime="20220714 15:16:27.545"/>
</kw>
<kw name="Set Global Variable" library="BuiltIn">
<arg>$end_of_test</arg>
<arg>${True}</arg>
<doc>Makes a variable available globally in all tests and suites.</doc>
<status status="NOT RUN" starttime="20220714 15:16:27.545" endtime="20220714 15:16:27.545"/>
</kw>
<kw name="Exit For Loop" library="BuiltIn">
<doc>Stops executing the enclosing FOR loop.</doc>
<status status="NOT RUN" starttime="20220714 15:16:27.545" endtime="20220714 15:16:27.546"/>
</kw>
<status status="NOT RUN" starttime="20220714 15:16:27.544" endtime="20220714 15:16:27.546"/>
</branch>
<branch type="ELSE">
<kw name="Login Should Fail" library="Login_Resources">
<status status="NOT RUN" starttime="20220714 15:16:27.546" endtime="20220714 15:16:27.546"/>
</kw>
<kw name="Set Global Variable" library="BuiltIn">
<arg>$end_of_test</arg>
<arg>${True}</arg>
<doc>Makes a variable available globally in all tests and suites.</doc>
<status status="NOT RUN" starttime="20220714 15:16:27.546" endtime="20220714 15:16:27.546"/>
</kw>
<kw name="Exit For Loop" library="BuiltIn">
<doc>Stops executing the enclosing FOR loop.</doc>
<status status="NOT RUN" starttime="20220714 15:16:27.546" endtime="20220714 15:16:27.546"/>
</kw>
<status status="NOT RUN" starttime="20220714 15:16:27.546" endtime="20220714 15:16:27.546"/>
</branch>
<status status="NOT RUN" starttime="20220714 15:16:27.544" endtime="20220714 15:16:27.546"/>
</if>
<status status="NOT RUN" starttime="20220714 15:16:27.544" endtime="20220714 15:16:27.546"/>
</branch>
<branch type="ELSE">
<kw name="Continue For Loop" library="BuiltIn">
<doc>Skips the current FOR loop iteration and continues from the next.</doc>
<status status="NOT RUN" starttime="20220714 15:16:27.547" endtime="20220714 15:16:27.547"/>
</kw>
<status status="NOT RUN" starttime="20220714 15:16:27.547" endtime="20220714 15:16:27.547"/>
</branch>
<status status="NOT RUN" starttime="20220714 15:16:27.544" endtime="20220714 15:16:27.547"/>
</if>
<status status="NOT RUN" starttime="20220714 15:16:27.544" endtime="20220714 15:16:27.547"/>
</iter>
<status status="NOT RUN" starttime="20220714 15:16:27.543" endtime="20220714 15:16:27.547"/>
</for>
<status status="NOT RUN" starttime="20220714 15:16:27.543" endtime="20220714 15:16:27.547"/>
</branch>
<status status="PASS" starttime="20220714 15:16:27.543" endtime="20220714 15:16:27.547"/>
</if>
<if>
<branch type="IF" condition="&quot;${end_of_test}&quot; == &quot;${False}&quot;">
<if>
<branch type="IF" condition="${userMatched} == ${False}">
<kw name="Login Should Fail" library="Login_Resources">
<status status="NOT RUN" starttime="20220714 15:16:27.548" endtime="20220714 15:16:27.548"/>
</kw>
<kw name="Set Global Variable" library="BuiltIn">
<arg>$end_of_test</arg>
<arg>${True}</arg>
<doc>Makes a variable available globally in all tests and suites.</doc>
<status status="NOT RUN" starttime="20220714 15:16:27.548" endtime="20220714 15:16:27.548"/>
</kw>
<status status="NOT RUN" starttime="20220714 15:16:27.548" endtime="20220714 15:16:27.548"/>
</branch>
<status status="NOT RUN" starttime="20220714 15:16:27.547" endtime="20220714 15:16:27.548"/>
</if>
<status status="NOT RUN" starttime="20220714 15:16:27.547" endtime="20220714 15:16:27.548"/>
</branch>
<status status="PASS" starttime="20220714 15:16:27.547" endtime="20220714 15:16:27.548"/>
</if>
<status status="PASS" starttime="20220714 15:16:22.116" endtime="20220714 15:16:27.549"/>
</kw>
<status status="PASS" starttime="20220714 15:16:22.114" endtime="20220714 15:16:27.551"/>
</test>
<test id="s1-t2" name="Login Test using User Id as gobinda.cemk07@gmail.com and Password as hfdfhjdhdfg" line="12">
<kw name="User Login">
<arg>gobinda.cemk07@gmail.com</arg>
<arg>hfdfhjdhdfg</arg>
<kw name="Go To" library="SeleniumLibrary">
<arg>${HomePageUrl}</arg>
<doc>Navigates the current browser window to the provided ``url``.</doc>
<msg timestamp="20220714 15:16:27.557" level="INFO">Opening url 'https://www.ddecor.com/'</msg>
<status status="PASS" starttime="20220714 15:16:27.556" endtime="20220714 15:16:28.798"/>
</kw>
<kw name="Close PopUp" library="GenericKeyword">
<try>
<branch type="TRY">
<kw name="Element Should Not Be Visible" library="SeleniumLibrary">
<arg>${Close_popup}</arg>
<doc>Verifies that the element identified by ``locator`` is NOT visible.</doc>
<msg timestamp="20220714 15:16:28.813" level="INFO">Element '//a[@class='close_no_thanks']' did not exist.</msg>
<status status="PASS" starttime="20220714 15:16:28.799" endtime="20220714 15:16:28.813"/>
</kw>
<status status="PASS" starttime="20220714 15:16:28.799" endtime="20220714 15:16:28.813"/>
</branch>
<branch type="EXCEPT">
<kw name="Click Element" library="SeleniumLibrary">
<arg>${Close_popup}</arg>
<doc>Click the element identified by ``locator``.</doc>
<status status="NOT RUN" starttime="20220714 15:16:28.814" endtime="20220714 15:16:28.814"/>
</kw>
<kw name="Sleep" library="BuiltIn">
<arg>3</arg>
<doc>Pauses the test executed for the given time.</doc>
<status status="NOT RUN" starttime="20220714 15:16:28.814" endtime="20220714 15:16:28.814"/>
</kw>
<try>
<branch type="TRY">
<kw name="Element Should Not Be Visible" library="SeleniumLibrary">
<arg>${Close_popup}</arg>
<doc>Verifies that the element identified by ``locator`` is NOT visible.</doc>
<status status="NOT RUN" starttime="20220714 15:16:28.814" endtime="20220714 15:16:28.814"/>
</kw>
<status status="NOT RUN" starttime="20220714 15:16:28.814" endtime="20220714 15:16:28.814"/>
</branch>
<branch type="EXCEPT">
<kw name="Click Element" library="SeleniumLibrary">
<arg>${Close_popup}</arg>
<doc>Click the element identified by ``locator``.</doc>
<status status="NOT RUN" starttime="20220714 15:16:28.814" endtime="20220714 15:16:28.814"/>
</kw>
<kw name="Sleep" library="BuiltIn">
<arg>3</arg>
<doc>Pauses the test executed for the given time.</doc>
<status status="NOT RUN" starttime="20220714 15:16:28.815" endtime="20220714 15:16:28.815"/>
</kw>
<try>
<branch type="TRY">
<kw name="Element Should Not Be Visible" library="SeleniumLibrary">
<arg>${Close_popup}</arg>
<doc>Verifies that the element identified by ``locator`` is NOT visible.</doc>
<status status="NOT RUN" starttime="20220714 15:16:28.815" endtime="20220714 15:16:28.815"/>
</kw>
<status status="NOT RUN" starttime="20220714 15:16:28.815" endtime="20220714 15:16:28.815"/>
</branch>
<branch type="EXCEPT">
<kw name="Click Element" library="SeleniumLibrary">
<arg>${Close_popup}</arg>
<doc>Click the element identified by ``locator``.</doc>
<status status="NOT RUN" starttime="20220714 15:16:28.815" endtime="20220714 15:16:28.815"/>
</kw>
<status status="NOT RUN" starttime="20220714 15:16:28.815" endtime="20220714 15:16:28.816"/>
</branch>
<status status="NOT RUN" starttime="20220714 15:16:28.815" endtime="20220714 15:16:28.816"/>
</try>
<status status="NOT RUN" starttime="20220714 15:16:28.814" endtime="20220714 15:16:28.816"/>
</branch>
<status status="NOT RUN" starttime="20220714 15:16:28.814" endtime="20220714 15:16:28.816"/>
</try>
<status status="NOT RUN" starttime="20220714 15:16:28.814" endtime="20220714 15:16:28.816"/>
</branch>
<status status="PASS" starttime="20220714 15:16:28.799" endtime="20220714 15:16:28.816"/>
</try>
<status status="PASS" starttime="20220714 15:16:28.799" endtime="20220714 15:16:28.817"/>
</kw>
<kw name="Go To Sign Form" library="Login_Resources">
<kw name="Mouse Over" library="SeleniumLibrary">
<arg>${User_icon}</arg>
<doc>Simulates hovering the mouse over the element ``locator``.</doc>
<msg timestamp="20220714 15:16:28.818" level="INFO">Simulating Mouse Over on element '//i[@class='meigee-account']'.</msg>
<status status="PASS" starttime="20220714 15:16:28.817" endtime="20220714 15:16:29.106"/>
</kw>
<kw name="Sleep" library="BuiltIn">
<arg>2</arg>
<doc>Pauses the test executed for the given time.</doc>
<msg timestamp="20220714 15:16:31.117" level="INFO">Slept 2 seconds</msg>
<status status="PASS" starttime="20220714 15:16:29.106" endtime="20220714 15:16:31.117"/>
</kw>
<kw name="Click Link" library="SeleniumLibrary">
<arg>${Login_Header_Link}</arg>
<doc>Clicks a link identified by ``locator``.</doc>
<msg timestamp="20220714 15:16:31.117" level="INFO">Clicking link '//div[@class='dropdown-item account']//a[text()='Log In']'.</msg>
<status status="PASS" starttime="20220714 15:16:31.117" endtime="20220714 15:16:32.361"/>
</kw>
<status status="PASS" starttime="20220714 15:16:28.817" endtime="20220714 15:16:32.361"/>
</kw>
<kw name="Input Username" library="Login_Resources">
<arg>${UserName}</arg>
<kw name="Input Text" library="SeleniumLibrary">
<arg>${User_id_inputbox}</arg>
<arg>${UserName}</arg>
<doc>Types the given ``text`` into the text field identified by ``locator``.</doc>
<msg timestamp="20220714 15:16:32.362" level="INFO">Typing text 'gobinda.cemk07@gmail.com' into text field '//input[@name='login[username]']'.</msg>
<status status="PASS" starttime="20220714 15:16:32.362" endtime="20220714 15:16:32.529"/>
</kw>
<status status="PASS" starttime="20220714 15:16:32.361" endtime="20220714 15:16:32.530"/>
</kw>
<kw name="Input Passwd" library="Login_Resources">
<arg>${Password}</arg>
<kw name="Input Password" library="SeleniumLibrary">
<arg>${Password_inputbox}</arg>
<arg>${Password}</arg>
<doc>Types the given password into the text field identified by ``locator``.</doc>
<msg timestamp="20220714 15:16:32.532" level="INFO">Typing password into text field '//input[@name='login[password]']'.</msg>
<msg timestamp="20220714 15:16:32.598" level="INFO">Temporally setting log level to: NONE</msg>
<msg timestamp="20220714 15:16:32.659" level="INFO">Log level changed from NONE to INFO.</msg>
<status status="PASS" starttime="20220714 15:16:32.531" endtime="20220714 15:16:32.659"/>
</kw>
<status status="PASS" starttime="20220714 15:16:32.530" endtime="20220714 15:16:32.659"/>
</kw>
<kw name="Submit Filled Up Login Form" library="Login_Resources">
<kw name="Click Button" library="SeleniumLibrary">
<arg>${Signin_submit_button}</arg>
<doc>Clicks the button identified by ``locator``.</doc>
<msg timestamp="20220714 15:16:32.661" level="INFO">Clicking button '//button[@id='send2' and @class='action login primary']'.</msg>
<status status="PASS" starttime="20220714 15:16:32.660" endtime="20220714 15:16:34.652"/>
</kw>
<status status="PASS" starttime="20220714 15:16:32.660" endtime="20220714 15:16:34.652"/>
</kw>
<kw name="Set Global Variable" library="BuiltIn">
<arg>$end_of_test</arg>
<arg>${False}</arg>
<doc>Makes a variable available globally in all tests and suites.</doc>
<msg timestamp="20220714 15:16:34.652" level="INFO">${end_of_test} = False</msg>
<status status="PASS" starttime="20220714 15:16:34.652" endtime="20220714 15:16:34.652"/>
</kw>
<if>
<branch type="IF" condition="&quot;${UserName}&quot; == &quot;${EMPTY}&quot;">
<kw name="Element Should Be Visible" library="SeleniumLibrary">
<arg>${Email_Error}</arg>
<doc>Verifies that the element identified by ``locator`` is visible.</doc>
<status status="NOT RUN" starttime="20220714 15:16:34.653" endtime="20220714 15:16:34.653"/>
</kw>
<kw name="Login Should Fail" library="Login_Resources">
<status status="NOT RUN" starttime="20220714 15:16:34.653" endtime="20220714 15:16:34.653"/>
</kw>
<kw name="Set Global Variable" library="BuiltIn">
<arg>$end_of_test</arg>
<arg>${True}</arg>
<doc>Makes a variable available globally in all tests and suites.</doc>
<status status="NOT RUN" starttime="20220714 15:16:34.653" endtime="20220714 15:16:34.653"/>
</kw>
<status status="NOT RUN" starttime="20220714 15:16:34.653" endtime="20220714 15:16:34.653"/>
</branch>
<status status="PASS" starttime="20220714 15:16:34.652" endtime="20220714 15:16:34.653"/>
</if>
<if>
<branch type="IF" condition="&quot;${end_of_test}&quot; == &quot;${False}&quot;">
<if>
<branch type="IF" condition="&quot;${Password}&quot; == &quot;${EMPTY}&quot;">
<kw name="Element Should Be Visible" library="SeleniumLibrary">
<arg>${Password_error}</arg>
<doc>Verifies that the element identified by ``locator`` is visible.</doc>
<status status="NOT RUN" starttime="20220714 15:16:34.654" endtime="20220714 15:16:34.654"/>
</kw>
<kw name="Login Should Fail" library="Login_Resources">
<status status="NOT RUN" starttime="20220714 15:16:34.654" endtime="20220714 15:16:34.654"/>
</kw>
<kw name="Set Global Variable" library="BuiltIn">
<arg>$end_of_test</arg>
<arg>${True}</arg>
<doc>Makes a variable available globally in all tests and suites.</doc>
<status status="NOT RUN" starttime="20220714 15:16:34.655" endtime="20220714 15:16:34.655"/>
</kw>
<status status="NOT RUN" starttime="20220714 15:16:34.654" endtime="20220714 15:16:34.655"/>
</branch>
<status status="PASS" starttime="20220714 15:16:34.654" endtime="20220714 15:16:34.655"/>
</if>
<status status="PASS" starttime="20220714 15:16:34.654" endtime="20220714 15:16:34.655"/>
</branch>
<status status="PASS" starttime="20220714 15:16:34.653" endtime="20220714 15:16:34.655"/>
</if>
<if>
<branch type="IF" condition="&quot;${end_of_test}&quot; == &quot;${False}&quot;">
<try>
<branch type="TRY">
<kw name="Should Match Regexp" library="BuiltIn">
<arg>${UserName}</arg>
<arg>[A-Za-z0-9.]+@[a-zA-Z0-9]+.com</arg>
<doc>Fails if ``string`` does not match ``pattern`` as a regular expression.</doc>
<status status="PASS" starttime="20220714 15:16:34.655" endtime="20220714 15:16:34.656"/>
</kw>
<status status="PASS" starttime="20220714 15:16:34.655" endtime="20220714 15:16:34.656"/>
</branch>
<branch type="EXCEPT">
<kw name="Element Should Be Visible" library="SeleniumLibrary">
<arg>${Email_Error}</arg>
<doc>Verifies that the element identified by ``locator`` is visible.</doc>
<status status="NOT RUN" starttime="20220714 15:16:34.656" endtime="20220714 15:16:34.657"/>
</kw>
<kw name="Login Should Fail" library="Login_Resources">
<status status="NOT RUN" starttime="20220714 15:16:34.657" endtime="20220714 15:16:34.657"/>
</kw>
<kw name="Set Global Variable" library="BuiltIn">
<arg>$end_of_test</arg>
<arg>${True}</arg>
<doc>Makes a variable available globally in all tests and suites.</doc>
<status status="NOT RUN" starttime="20220714 15:16:34.657" endtime="20220714 15:16:34.657"/>
</kw>
<status status="NOT RUN" starttime="20220714 15:16:34.656" endtime="20220714 15:16:34.657"/>
</branch>
<status status="PASS" starttime="20220714 15:16:34.655" endtime="20220714 15:16:34.657"/>
</try>
<status status="PASS" starttime="20220714 15:16:34.655" endtime="20220714 15:16:34.657"/>
</branch>
<status status="PASS" starttime="20220714 15:16:34.655" endtime="20220714 15:16:34.657"/>
</if>
<if>
<branch type="IF" condition="&quot;${end_of_test}&quot; == &quot;${False}&quot;">
<kw name="Set Global Variable" library="BuiltIn">
<arg>$userMatched</arg>
<arg>${False}</arg>
<doc>Makes a variable available globally in all tests and suites.</doc>
<msg timestamp="20220714 15:16:34.658" level="INFO">${userMatched} = False</msg>
<status status="PASS" starttime="20220714 15:16:34.658" endtime="20220714 15:16:34.658"/>
</kw>
<for flavor="IN">
<var>${profile}</var>
<value>@{Valid_User_info_list}</value>
<iter>
<var name="${profile}">{'User_ID': 'gobinda.cemk07@gmail.com', 'Password': 'Test123'}</var>
<if>
<branch type="IF" condition="'${UserName}' == '${profile[&quot;User_ID&quot;]}'">
<if>
<branch type="IF" condition="'${Password}' == '${profile[&quot;Password&quot;]}'">
<kw name="Login Should Pass" library="Login_Resources">
<status status="NOT RUN" starttime="20220714 15:16:34.661" endtime="20220714 15:16:34.661"/>
</kw>
<kw name="Sleep" library="BuiltIn">
<arg>5</arg>
<doc>Pauses the test executed for the given time.</doc>
<status status="NOT RUN" starttime="20220714 15:16:34.661" endtime="20220714 15:16:34.661"/>
</kw>
<kw name="Click Logout Header Link" library="Login_Resources">
<status status="NOT RUN" starttime="20220714 15:16:34.661" endtime="20220714 15:16:34.661"/>
</kw>
<kw name="Logout Should Pass" library="Login_Resources">
<status status="NOT RUN" starttime="20220714 15:16:34.662" endtime="20220714 15:16:34.662"/>
</kw>
<kw name="Sleep" library="BuiltIn">
<arg>5</arg>
<doc>Pauses the test executed for the given time.</doc>
<status status="NOT RUN" starttime="20220714 15:16:34.662" endtime="20220714 15:16:34.662"/>
</kw>
<kw name="Set Global Variable" library="BuiltIn">
<arg>$userMatched</arg>
<arg>${True}</arg>
<doc>Makes a variable available globally in all tests and suites.</doc>
<status status="NOT RUN" starttime="20220714 15:16:34.662" endtime="20220714 15:16:34.662"/>
</kw>
<kw name="Set Global Variable" library="BuiltIn">
<arg>$end_of_test</arg>
<arg>${True}</arg>
<doc>Makes a variable available globally in all tests and suites.</doc>
<status status="NOT RUN" starttime="20220714 15:16:34.662" endtime="20220714 15:16:34.662"/>
</kw>
<kw name="Exit For Loop" library="BuiltIn">
<doc>Stops executing the enclosing FOR loop.</doc>
<status status="NOT RUN" starttime="20220714 15:16:34.662" endtime="20220714 15:16:34.662"/>
</kw>
<status status="NOT RUN" starttime="20220714 15:16:34.660" endtime="20220714 15:16:34.662"/>
</branch>
<branch type="ELSE">
<kw name="Login Should Fail" library="Login_Resources">
<kw name="Page Should Contain Element" library="SeleniumLibrary">
<arg>${Login_Header_Link}</arg>
<doc>Verifies that element ``locator`` is found on the current page.</doc>
<msg timestamp="20220714 15:16:34.685" level="INFO">Current page contains element '//div[@class='dropdown-item account']//a[text()='Log In']'.</msg>
<status status="PASS" starttime="20220714 15:16:34.663" endtime="20220714 15:16:34.685"/>
</kw>
<kw name="Page Should Not Contain Element" library="SeleniumLibrary">
<arg>${Logout_Header_Link}</arg>
<doc>Verifies that element ``locator`` is not found on the current page.</doc>
<msg timestamp="20220714 15:16:34.703" level="INFO">Current page does not contain element '//div[@class='dropdown-item account']//a[text()='Log Out']'.</msg>
<status status="PASS" starttime="20220714 15:16:34.686" endtime="20220714 15:16:34.703"/>
</kw>
<status status="PASS" starttime="20220714 15:16:34.663" endtime="20220714 15:16:34.703"/>
</kw>
<kw name="Set Global Variable" library="BuiltIn">
<arg>$end_of_test</arg>
<arg>${True}</arg>
<doc>Makes a variable available globally in all tests and suites.</doc>
<msg timestamp="20220714 15:16:34.704" level="INFO">${end_of_test} = True</msg>
<status status="PASS" starttime="20220714 15:16:34.704" endtime="20220714 15:16:34.704"/>
</kw>
<kw name="Exit For Loop" library="BuiltIn">
<doc>Stops executing the enclosing FOR loop.</doc>
<msg timestamp="20220714 15:16:34.704" level="INFO">Exiting for loop altogether.</msg>
<status status="PASS" starttime="20220714 15:16:34.704" endtime="20220714 15:16:34.704"/>
</kw>
<status status="PASS" starttime="20220714 15:16:34.662" endtime="20220714 15:16:34.704"/>
</branch>
<status status="PASS" starttime="20220714 15:16:34.659" endtime="20220714 15:16:34.704"/>
</if>
<status status="PASS" starttime="20220714 15:16:34.659" endtime="20220714 15:16:34.704"/>
</branch>
<branch type="ELSE">
<kw name="Continue For Loop" library="BuiltIn">
<doc>Skips the current FOR loop iteration and continues from the next.</doc>
<status status="NOT RUN" starttime="20220714 15:16:34.705" endtime="20220714 15:16:34.705"/>
</kw>
<status status="NOT RUN" starttime="20220714 15:16:34.705" endtime="20220714 15:16:34.705"/>
</branch>
<status status="PASS" starttime="20220714 15:16:34.659" endtime="20220714 15:16:34.705"/>
</if>
<status status="PASS" starttime="20220714 15:16:34.658" endtime="20220714 15:16:34.705"/>
</iter>
<status status="PASS" starttime="20220714 15:16:34.658" endtime="20220714 15:16:34.705"/>
</for>
<status status="PASS" starttime="20220714 15:16:34.657" endtime="20220714 15:16:34.705"/>
</branch>
<status status="PASS" starttime="20220714 15:16:34.657" endtime="20220714 15:16:34.705"/>
</if>
<if>
<branch type="IF" condition="&quot;${end_of_test}&quot; == &quot;${False}&quot;">
<if>
<branch type="IF" condition="${userMatched} == ${False}">
<kw name="Login Should Fail" library="Login_Resources">
<status status="NOT RUN" starttime="20220714 15:16:34.705" endtime="20220714 15:16:34.705"/>
</kw>
<kw name="Set Global Variable" library="BuiltIn">
<arg>$end_of_test</arg>
<arg>${True}</arg>
<doc>Makes a variable available globally in all tests and suites.</doc>
<status status="NOT RUN" starttime="20220714 15:16:34.705" endtime="20220714 15:16:34.705"/>
</kw>
<status status="NOT RUN" starttime="20220714 15:16:34.705" endtime="20220714 15:16:34.705"/>
</branch>
<status status="NOT RUN" starttime="20220714 15:16:34.705" endtime="20220714 15:16:34.705"/>
</if>
<status status="NOT RUN" starttime="20220714 15:16:34.705" endtime="20220714 15:16:34.705"/>
</branch>
<status status="PASS" starttime="20220714 15:16:34.705" endtime="20220714 15:16:34.705"/>
</if>
<status status="PASS" starttime="20220714 15:16:27.556" endtime="20220714 15:16:34.705"/>
</kw>
<status status="PASS" starttime="20220714 15:16:27.552" endtime="20220714 15:16:34.706"/>
</test>
<test id="s1-t3" name="Login Test using User Id as  and Password as Test123" line="12">
<kw name="User Login">
<arg>${EMPTY}</arg>
<arg>Test123</arg>
<kw name="Go To" library="SeleniumLibrary">
<arg>${HomePageUrl}</arg>
<doc>Navigates the current browser window to the provided ``url``.</doc>
<msg timestamp="20220714 15:16:34.714" level="INFO">Opening url 'https://www.ddecor.com/'</msg>
<status status="PASS" starttime="20220714 15:16:34.714" endtime="20220714 15:16:36.193"/>
</kw>
<kw name="Close PopUp" library="GenericKeyword">
<try>
<branch type="TRY">
<kw name="Element Should Not Be Visible" library="SeleniumLibrary">
<arg>${Close_popup}</arg>
<doc>Verifies that the element identified by ``locator`` is NOT visible.</doc>
<msg timestamp="20220714 15:16:36.230" level="INFO">Element '//a[@class='close_no_thanks']' did not exist.</msg>
<status status="PASS" starttime="20220714 15:16:36.195" endtime="20220714 15:16:36.230"/>
</kw>
<status status="PASS" starttime="20220714 15:16:36.195" endtime="20220714 15:16:36.230"/>
</branch>
<branch type="EXCEPT">
<kw name="Click Element" library="SeleniumLibrary">
<arg>${Close_popup}</arg>
<doc>Click the element identified by ``locator``.</doc>
<status status="NOT RUN" starttime="20220714 15:16:36.230" endtime="20220714 15:16:36.230"/>
</kw>
<kw name="Sleep" library="BuiltIn">
<arg>3</arg>
<doc>Pauses the test executed for the given time.</doc>
<status status="NOT RUN" starttime="20220714 15:16:36.230" endtime="20220714 15:16:36.230"/>
</kw>
<try>
<branch type="TRY">
<kw name="Element Should Not Be Visible" library="SeleniumLibrary">
<arg>${Close_popup}</arg>
<doc>Verifies that the element identified by ``locator`` is NOT visible.</doc>
<status status="NOT RUN" starttime="20220714 15:16:36.231" endtime="20220714 15:16:36.231"/>
</kw>
<status status="NOT RUN" starttime="20220714 15:16:36.231" endtime="20220714 15:16:36.231"/>
</branch>
<branch type="EXCEPT">
<kw name="Click Element" library="SeleniumLibrary">
<arg>${Close_popup}</arg>
<doc>Click the element identified by ``locator``.</doc>
<status status="NOT RUN" starttime="20220714 15:16:36.232" endtime="20220714 15:16:36.232"/>
</kw>
<kw name="Sleep" library="BuiltIn">
<arg>3</arg>
<doc>Pauses the test executed for the given time.</doc>
<status status="NOT RUN" starttime="20220714 15:16:36.232" endtime="20220714 15:16:36.232"/>
</kw>
<try>
<branch type="TRY">
<kw name="Element Should Not Be Visible" library="SeleniumLibrary">
<arg>${Close_popup}</arg>
<doc>Verifies that the element identified by ``locator`` is NOT visible.</doc>
<status status="NOT RUN" starttime="20220714 15:16:36.233" endtime="20220714 15:16:36.233"/>
</kw>
<status status="NOT RUN" starttime="20220714 15:16:36.232" endtime="20220714 15:16:36.233"/>
</branch>
<branch type="EXCEPT">
<kw name="Click Element" library="SeleniumLibrary">
<arg>${Close_popup}</arg>
<doc>Click the element identified by ``locator``.</doc>
<status status="NOT RUN" starttime="20220714 15:16:36.233" endtime="20220714 15:16:36.233"/>
</kw>
<status status="NOT RUN" starttime="20220714 15:16:36.233" endtime="20220714 15:16:36.233"/>
</branch>
<status status="NOT RUN" starttime="20220714 15:16:36.232" endtime="20220714 15:16:36.233"/>
</try>
<status status="NOT RUN" starttime="20220714 15:16:36.231" endtime="20220714 15:16:36.234"/>
</branch>
<status status="NOT RUN" starttime="20220714 15:16:36.230" endtime="20220714 15:16:36.234"/>
</try>
<status status="NOT RUN" starttime="20220714 15:16:36.230" endtime="20220714 15:16:36.234"/>
</branch>
<status status="PASS" starttime="20220714 15:16:36.195" endtime="20220714 15:16:36.234"/>
</try>
<status status="PASS" starttime="20220714 15:16:36.193" endtime="20220714 15:16:36.234"/>
</kw>
<kw name="Go To Sign Form" library="Login_Resources">
<kw name="Mouse Over" library="SeleniumLibrary">
<arg>${User_icon}</arg>
<doc>Simulates hovering the mouse over the element ``locator``.</doc>
<msg timestamp="20220714 15:16:36.236" level="INFO">Simulating Mouse Over on element '//i[@class='meigee-account']'.</msg>
<status status="PASS" starttime="20220714 15:16:36.235" endtime="20220714 15:16:36.669"/>
</kw>
<kw name="Sleep" library="BuiltIn">
<arg>2</arg>
<doc>Pauses the test executed for the given time.</doc>
<msg timestamp="20220714 15:16:38.683" level="INFO">Slept 2 seconds</msg>
<status status="PASS" starttime="20220714 15:16:36.669" endtime="20220714 15:16:38.683"/>
</kw>
<kw name="Click Link" library="SeleniumLibrary">
<arg>${Login_Header_Link}</arg>
<doc>Clicks a link identified by ``locator``.</doc>
<msg timestamp="20220714 15:16:38.683" level="INFO">Clicking link '//div[@class='dropdown-item account']//a[text()='Log In']'.</msg>
<status status="PASS" starttime="20220714 15:16:38.683" endtime="20220714 15:16:40.216"/>
</kw>
<status status="PASS" starttime="20220714 15:16:36.234" endtime="20220714 15:16:40.217"/>
</kw>
<kw name="Input Username" library="Login_Resources">
<arg>${UserName}</arg>
<kw name="Input Text" library="SeleniumLibrary">
<arg>${User_id_inputbox}</arg>
<arg>${UserName}</arg>
<doc>Types the given ``text`` into the text field identified by ``locator``.</doc>
<msg timestamp="20220714 15:16:40.217" level="INFO">Typing text '' into text field '//input[@name='login[username]']'.</msg>
<status status="PASS" starttime="20220714 15:16:40.217" endtime="20220714 15:16:40.341"/>
</kw>
<status status="PASS" starttime="20220714 15:16:40.217" endtime="20220714 15:16:40.341"/>
</kw>
<kw name="Input Passwd" library="Login_Resources">
<arg>${Password}</arg>
<kw name="Input Password" library="SeleniumLibrary">
<arg>${Password_inputbox}</arg>
<arg>${Password}</arg>
<doc>Types the given password into the text field identified by ``locator``.</doc>
<msg timestamp="20220714 15:16:40.342" level="INFO">Typing password into text field '//input[@name='login[password]']'.</msg>
<msg timestamp="20220714 15:16:40.404" level="INFO">Temporally setting log level to: NONE</msg>
<msg timestamp="20220714 15:16:40.498" level="INFO">Log level changed from NONE to INFO.</msg>
<status status="PASS" starttime="20220714 15:16:40.342" endtime="20220714 15:16:40.498"/>
</kw>
<status status="PASS" starttime="20220714 15:16:40.341" endtime="20220714 15:16:40.498"/>
</kw>
<kw name="Submit Filled Up Login Form" library="Login_Resources">
<kw name="Click Button" library="SeleniumLibrary">
<arg>${Signin_submit_button}</arg>
<doc>Clicks the button identified by ``locator``.</doc>
<msg timestamp="20220714 15:16:40.499" level="INFO">Clicking button '//button[@id='send2' and @class='action login primary']'.</msg>
<status status="PASS" starttime="20220714 15:16:40.499" endtime="20220714 15:16:40.639"/>
</kw>
<status status="PASS" starttime="20220714 15:16:40.498" endtime="20220714 15:16:40.639"/>
</kw>
<kw name="Set Global Variable" library="BuiltIn">
<arg>$end_of_test</arg>
<arg>${False}</arg>
<doc>Makes a variable available globally in all tests and suites.</doc>
<msg timestamp="20220714 15:16:40.640" level="INFO">${end_of_test} = False</msg>
<status status="PASS" starttime="20220714 15:16:40.640" endtime="20220714 15:16:40.640"/>
</kw>
<if>
<branch type="IF" condition="&quot;${UserName}&quot; == &quot;${EMPTY}&quot;">
<kw name="Element Should Be Visible" library="SeleniumLibrary">
<arg>${Email_Error}</arg>
<doc>Verifies that the element identified by ``locator`` is visible.</doc>
<msg timestamp="20220714 15:16:40.675" level="INFO">Element '//input[@name='login[username]' and @aria-describedby='email-error']' is displayed.</msg>
<status status="PASS" starttime="20220714 15:16:40.643" endtime="20220714 15:16:40.675"/>
</kw>
<kw name="Login Should Fail" library="Login_Resources">
<kw name="Page Should Contain Element" library="SeleniumLibrary">
<arg>${Login_Header_Link}</arg>
<doc>Verifies that element ``locator`` is found on the current page.</doc>
<msg timestamp="20220714 15:16:40.688" level="INFO">Current page contains element '//div[@class='dropdown-item account']//a[text()='Log In']'.</msg>
<status status="PASS" starttime="20220714 15:16:40.676" endtime="20220714 15:16:40.688"/>
</kw>
<kw name="Page Should Not Contain Element" library="SeleniumLibrary">
<arg>${Logout_Header_Link}</arg>
<doc>Verifies that element ``locator`` is not found on the current page.</doc>
<msg timestamp="20220714 15:16:40.702" level="INFO">Current page does not contain element '//div[@class='dropdown-item account']//a[text()='Log Out']'.</msg>
<status status="PASS" starttime="20220714 15:16:40.689" endtime="20220714 15:16:40.702"/>
</kw>
<status status="PASS" starttime="20220714 15:16:40.675" endtime="20220714 15:16:40.702"/>
</kw>
<kw name="Set Global Variable" library="BuiltIn">
<arg>$end_of_test</arg>
<arg>${True}</arg>
<doc>Makes a variable available globally in all tests and suites.</doc>
<msg timestamp="20220714 15:16:40.702" level="INFO">${end_of_test} = True</msg>
<status status="PASS" starttime="20220714 15:16:40.702" endtime="20220714 15:16:40.702"/>
</kw>
<status status="PASS" starttime="20220714 15:16:40.643" endtime="20220714 15:16:40.702"/>
</branch>
<status status="PASS" starttime="20220714 15:16:40.640" endtime="20220714 15:16:40.702"/>
</if>
<if>
<branch type="IF" condition="&quot;${end_of_test}&quot; == &quot;${False}&quot;">
<if>
<branch type="IF" condition="&quot;${Password}&quot; == &quot;${EMPTY}&quot;">
<kw name="Element Should Be Visible" library="SeleniumLibrary">
<arg>${Password_error}</arg>
<doc>Verifies that the element identified by ``locator`` is visible.</doc>
<status status="NOT RUN" starttime="20220714 15:16:40.703" endtime="20220714 15:16:40.703"/>
</kw>
<kw name="Login Should Fail" library="Login_Resources">
<status status="NOT RUN" starttime="20220714 15:16:40.703" endtime="20220714 15:16:40.703"/>
</kw>
<kw name="Set Global Variable" library="BuiltIn">
<arg>$end_of_test</arg>
<arg>${True}</arg>
<doc>Makes a variable available globally in all tests and suites.</doc>
<status status="NOT RUN" starttime="20220714 15:16:40.703" endtime="20220714 15:16:40.703"/>
</kw>
<status status="NOT RUN" starttime="20220714 15:16:40.703" endtime="20220714 15:16:40.703"/>
</branch>
<status status="NOT RUN" starttime="20220714 15:16:40.703" endtime="20220714 15:16:40.703"/>
</if>
<status status="NOT RUN" starttime="20220714 15:16:40.703" endtime="20220714 15:16:40.703"/>
</branch>
<status status="PASS" starttime="20220714 15:16:40.702" endtime="20220714 15:16:40.703"/>
</if>
<if>
<branch type="IF" condition="&quot;${end_of_test}&quot; == &quot;${False}&quot;">
<try>
<branch type="TRY">
<kw name="Should Match Regexp" library="BuiltIn">
<arg>${UserName}</arg>
<arg>[A-Za-z0-9.]+@[a-zA-Z0-9]+.com</arg>
<doc>Fails if ``string`` does not match ``pattern`` as a regular expression.</doc>
<status status="NOT RUN" starttime="20220714 15:16:40.704" endtime="20220714 15:16:40.704"/>
</kw>
<status status="NOT RUN" starttime="20220714 15:16:40.704" endtime="20220714 15:16:40.704"/>
</branch>
<branch type="EXCEPT">
<kw name="Element Should Be Visible" library="SeleniumLibrary">
<arg>${Email_Error}</arg>
<doc>Verifies that the element identified by ``locator`` is visible.</doc>
<status status="NOT RUN" starttime="20220714 15:16:40.704" endtime="20220714 15:16:40.704"/>
</kw>
<kw name="Login Should Fail" library="Login_Resources">
<status status="NOT RUN" starttime="20220714 15:16:40.704" endtime="20220714 15:16:40.704"/>
</kw>
<kw name="Set Global Variable" library="BuiltIn">
<arg>$end_of_test</arg>
<arg>${True}</arg>
<doc>Makes a variable available globally in all tests and suites.</doc>
<status status="NOT RUN" starttime="20220714 15:16:40.705" endtime="20220714 15:16:40.705"/>
</kw>
<status status="NOT RUN" starttime="20220714 15:16:40.704" endtime="20220714 15:16:40.705"/>
</branch>
<status status="NOT RUN" starttime="20220714 15:16:40.704" endtime="20220714 15:16:40.705"/>
</try>
<status status="NOT RUN" starttime="20220714 15:16:40.704" endtime="20220714 15:16:40.705"/>
</branch>
<status status="PASS" starttime="20220714 15:16:40.703" endtime="20220714 15:16:40.705"/>
</if>
<if>
<branch type="IF" condition="&quot;${end_of_test}&quot; == &quot;${False}&quot;">
<kw name="Set Global Variable" library="BuiltIn">
<arg>$userMatched</arg>
<arg>${False}</arg>
<doc>Makes a variable available globally in all tests and suites.</doc>
<status status="NOT RUN" starttime="20220714 15:16:40.705" endtime="20220714 15:16:40.705"/>
</kw>
<for flavor="IN">
<var>${profile}</var>
<value>@{Valid_User_info_list}</value>
<iter>
<var name="${profile}"/>
<if>
<branch type="IF" condition="'${UserName}' == '${profile[&quot;User_ID&quot;]}'">
<if>
<branch type="IF" condition="'${Password}' == '${profile[&quot;Password&quot;]}'">
<kw name="Login Should Pass" library="Login_Resources">
<status status="NOT RUN" starttime="20220714 15:16:40.706" endtime="20220714 15:16:40.706"/>
</kw>
<kw name="Sleep" library="BuiltIn">
<arg>5</arg>
<doc>Pauses the test executed for the given time.</doc>
<status status="NOT RUN" starttime="20220714 15:16:40.706" endtime="20220714 15:16:40.706"/>
</kw>
<kw name="Click Logout Header Link" library="Login_Resources">
<status status="NOT RUN" starttime="20220714 15:16:40.706" endtime="20220714 15:16:40.706"/>
</kw>
<kw name="Logout Should Pass" library="Login_Resources">
<status status="NOT RUN" starttime="20220714 15:16:40.706" endtime="20220714 15:16:40.706"/>
</kw>
<kw name="Sleep" library="BuiltIn">
<arg>5</arg>
<doc>Pauses the test executed for the given time.</doc>
<status status="NOT RUN" starttime="20220714 15:16:40.706" endtime="20220714 15:16:40.706"/>
</kw>
<kw name="Set Global Variable" library="BuiltIn">
<arg>$userMatched</arg>
<arg>${True}</arg>
<doc>Makes a variable available globally in all tests and suites.</doc>
<status status="NOT RUN" starttime="20220714 15:16:40.706" endtime="20220714 15:16:40.706"/>
</kw>
<kw name="Set Global Variable" library="BuiltIn">
<arg>$end_of_test</arg>
<arg>${True}</arg>
<doc>Makes a variable available globally in all tests and suites.</doc>
<status status="NOT RUN" starttime="20220714 15:16:40.706" endtime="20220714 15:16:40.707"/>
</kw>
<kw name="Exit For Loop" library="BuiltIn">
<doc>Stops executing the enclosing FOR loop.</doc>
<status status="NOT RUN" starttime="20220714 15:16:40.707" endtime="20220714 15:16:40.707"/>
</kw>
<status status="NOT RUN" starttime="20220714 15:16:40.706" endtime="20220714 15:16:40.707"/>
</branch>
<branch type="ELSE">
<kw name="Login Should Fail" library="Login_Resources">
<status status="NOT RUN" starttime="20220714 15:16:40.707" endtime="20220714 15:16:40.707"/>
</kw>
<kw name="Set Global Variable" library="BuiltIn">
<arg>$end_of_test</arg>
<arg>${True}</arg>
<doc>Makes a variable available globally in all tests and suites.</doc>
<status status="NOT RUN" starttime="20220714 15:16:40.707" endtime="20220714 15:16:40.707"/>
</kw>
<kw name="Exit For Loop" library="BuiltIn">
<doc>Stops executing the enclosing FOR loop.</doc>
<status status="NOT RUN" starttime="20220714 15:16:40.707" endtime="20220714 15:16:40.707"/>
</kw>
<status status="NOT RUN" starttime="20220714 15:16:40.707" endtime="20220714 15:16:40.707"/>
</branch>
<status status="NOT RUN" starttime="20220714 15:16:40.706" endtime="20220714 15:16:40.707"/>
</if>
<status status="NOT RUN" starttime="20220714 15:16:40.706" endtime="20220714 15:16:40.707"/>
</branch>
<branch type="ELSE">
<kw name="Continue For Loop" library="BuiltIn">
<doc>Skips the current FOR loop iteration and continues from the next.</doc>
<status status="NOT RUN" starttime="20220714 15:16:40.708" endtime="20220714 15:16:40.708"/>
</kw>
<status status="NOT RUN" starttime="20220714 15:16:40.707" endtime="20220714 15:16:40.708"/>
</branch>
<status status="NOT RUN" starttime="20220714 15:16:40.706" endtime="20220714 15:16:40.708"/>
</if>
<status status="NOT RUN" starttime="20220714 15:16:40.706" endtime="20220714 15:16:40.708"/>
</iter>
<status status="NOT RUN" starttime="20220714 15:16:40.705" endtime="20220714 15:16:40.708"/>
</for>
<status status="NOT RUN" starttime="20220714 15:16:40.705" endtime="20220714 15:16:40.708"/>
</branch>
<status status="PASS" starttime="20220714 15:16:40.705" endtime="20220714 15:16:40.708"/>
</if>
<if>
<branch type="IF" condition="&quot;${end_of_test}&quot; == &quot;${False}&quot;">
<if>
<branch type="IF" condition="${userMatched} == ${False}">
<kw name="Login Should Fail" library="Login_Resources">
<status status="NOT RUN" starttime="20220714 15:16:40.708" endtime="20220714 15:16:40.709"/>
</kw>
<kw name="Set Global Variable" library="BuiltIn">
<arg>$end_of_test</arg>
<arg>${True}</arg>
<doc>Makes a variable available globally in all tests and suites.</doc>
<status status="NOT RUN" starttime="20220714 15:16:40.709" endtime="20220714 15:16:40.709"/>
</kw>
<status status="NOT RUN" starttime="20220714 15:16:40.708" endtime="20220714 15:16:40.709"/>
</branch>
<status status="NOT RUN" starttime="20220714 15:16:40.708" endtime="20220714 15:16:40.709"/>
</if>
<status status="NOT RUN" starttime="20220714 15:16:40.708" endtime="20220714 15:16:40.709"/>
</branch>
<status status="PASS" starttime="20220714 15:16:40.708" endtime="20220714 15:16:40.709"/>
</if>
<status status="PASS" starttime="20220714 15:16:34.710" endtime="20220714 15:16:40.709"/>
</kw>
<status status="PASS" starttime="20220714 15:16:34.708" endtime="20220714 15:16:40.710"/>
</test>
<test id="s1-t4" name="Login Test using User Id as gobinda@gmail.com and Password as Test123" line="12">
<kw name="User Login">
<arg>gobinda@gmail.com</arg>
<arg>Test123</arg>
<kw name="Go To" library="SeleniumLibrary">
<arg>${HomePageUrl}</arg>
<doc>Navigates the current browser window to the provided ``url``.</doc>
<msg timestamp="20220714 15:16:40.720" level="INFO">Opening url 'https://www.ddecor.com/'</msg>
<status status="PASS" starttime="20220714 15:16:40.720" endtime="20220714 15:16:41.604"/>
</kw>
<kw name="Close PopUp" library="GenericKeyword">
<try>
<branch type="TRY">
<kw name="Element Should Not Be Visible" library="SeleniumLibrary">
<arg>${Close_popup}</arg>
<doc>Verifies that the element identified by ``locator`` is NOT visible.</doc>
<msg timestamp="20220714 15:16:41.650" level="INFO">Element '//a[@class='close_no_thanks']' did not exist.</msg>
<status status="PASS" starttime="20220714 15:16:41.604" endtime="20220714 15:16:41.650"/>
</kw>
<status status="PASS" starttime="20220714 15:16:41.604" endtime="20220714 15:16:41.650"/>
</branch>
<branch type="EXCEPT">
<kw name="Click Element" library="SeleniumLibrary">
<arg>${Close_popup}</arg>
<doc>Click the element identified by ``locator``.</doc>
<status status="NOT RUN" starttime="20220714 15:16:41.651" endtime="20220714 15:16:41.651"/>
</kw>
<kw name="Sleep" library="BuiltIn">
<arg>3</arg>
<doc>Pauses the test executed for the given time.</doc>
<status status="NOT RUN" starttime="20220714 15:16:41.651" endtime="20220714 15:16:41.651"/>
</kw>
<try>
<branch type="TRY">
<kw name="Element Should Not Be Visible" library="SeleniumLibrary">
<arg>${Close_popup}</arg>
<doc>Verifies that the element identified by ``locator`` is NOT visible.</doc>
<status status="NOT RUN" starttime="20220714 15:16:41.651" endtime="20220714 15:16:41.651"/>
</kw>
<status status="NOT RUN" starttime="20220714 15:16:41.651" endtime="20220714 15:16:41.651"/>
</branch>
<branch type="EXCEPT">
<kw name="Click Element" library="SeleniumLibrary">
<arg>${Close_popup}</arg>
<doc>Click the element identified by ``locator``.</doc>
<status status="NOT RUN" starttime="20220714 15:16:41.651" endtime="20220714 15:16:41.651"/>
</kw>
<kw name="Sleep" library="BuiltIn">
<arg>3</arg>
<doc>Pauses the test executed for the given time.</doc>
<status status="NOT RUN" starttime="20220714 15:16:41.651" endtime="20220714 15:16:41.651"/>
</kw>
<try>
<branch type="TRY">
<kw name="Element Should Not Be Visible" library="SeleniumLibrary">
<arg>${Close_popup}</arg>
<doc>Verifies that the element identified by ``locator`` is NOT visible.</doc>
<status status="NOT RUN" starttime="20220714 15:16:41.652" endtime="20220714 15:16:41.652"/>
</kw>
<status status="NOT RUN" starttime="20220714 15:16:41.652" endtime="20220714 15:16:41.652"/>
</branch>
<branch type="EXCEPT">
<kw name="Click Element" library="SeleniumLibrary">
<arg>${Close_popup}</arg>
<doc>Click the element identified by ``locator``.</doc>
<status status="NOT RUN" starttime="20220714 15:16:41.652" endtime="20220714 15:16:41.652"/>
</kw>
<status status="NOT RUN" starttime="20220714 15:16:41.652" endtime="20220714 15:16:41.652"/>
</branch>
<status status="NOT RUN" starttime="20220714 15:16:41.652" endtime="20220714 15:16:41.652"/>
</try>
<status status="NOT RUN" starttime="20220714 15:16:41.651" endtime="20220714 15:16:41.652"/>
</branch>
<status status="NOT RUN" starttime="20220714 15:16:41.651" endtime="20220714 15:16:41.652"/>
</try>
<status status="NOT RUN" starttime="20220714 15:16:41.651" endtime="20220714 15:16:41.652"/>
</branch>
<status status="PASS" starttime="20220714 15:16:41.604" endtime="20220714 15:16:41.652"/>
</try>
<status status="PASS" starttime="20220714 15:16:41.604" endtime="20220714 15:16:41.652"/>
</kw>
<kw name="Go To Sign Form" library="Login_Resources">
<kw name="Mouse Over" library="SeleniumLibrary">
<arg>${User_icon}</arg>
<doc>Simulates hovering the mouse over the element ``locator``.</doc>
<msg timestamp="20220714 15:16:41.655" level="INFO">Simulating Mouse Over on element '//i[@class='meigee-account']'.</msg>
<status status="PASS" starttime="20220714 15:16:41.654" endtime="20220714 15:16:42.057"/>
</kw>
<kw name="Sleep" library="BuiltIn">
<arg>2</arg>
<doc>Pauses the test executed for the given time.</doc>
<msg timestamp="20220714 15:16:44.070" level="INFO">Slept 2 seconds</msg>
<status status="PASS" starttime="20220714 15:16:42.057" endtime="20220714 15:16:44.070"/>
</kw>
<kw name="Click Link" library="SeleniumLibrary">
<arg>${Login_Header_Link}</arg>
<doc>Clicks a link identified by ``locator``.</doc>
<msg timestamp="20220714 15:16:44.071" level="INFO">Clicking link '//div[@class='dropdown-item account']//a[text()='Log In']'.</msg>
<status status="PASS" starttime="20220714 15:16:44.070" endtime="20220714 15:16:45.760"/>
</kw>
<status status="PASS" starttime="20220714 15:16:41.652" endtime="20220714 15:16:45.760"/>
</kw>
<kw name="Input Username" library="Login_Resources">
<arg>${UserName}</arg>
<kw name="Input Text" library="SeleniumLibrary">
<arg>${User_id_inputbox}</arg>
<arg>${UserName}</arg>
<doc>Types the given ``text`` into the text field identified by ``locator``.</doc>
<msg timestamp="20220714 15:16:45.762" level="INFO">Typing text 'gobinda@gmail.com' into text field '//input[@name='login[username]']'.</msg>
<status status="PASS" starttime="20220714 15:16:45.760" endtime="20220714 15:16:45.892"/>
</kw>
<status status="PASS" starttime="20220714 15:16:45.760" endtime="20220714 15:16:45.892"/>
</kw>
<kw name="Input Passwd" library="Login_Resources">
<arg>${Password}</arg>
<kw name="Input Password" library="SeleniumLibrary">
<arg>${Password_inputbox}</arg>
<arg>${Password}</arg>
<doc>Types the given password into the text field identified by ``locator``.</doc>
<msg timestamp="20220714 15:16:45.895" level="INFO">Typing password into text field '//input[@name='login[password]']'.</msg>
<msg timestamp="20220714 15:16:45.949" level="INFO">Temporally setting log level to: NONE</msg>
<msg timestamp="20220714 15:16:46.031" level="INFO">Log level changed from NONE to INFO.</msg>
<status status="PASS" starttime="20220714 15:16:45.895" endtime="20220714 15:16:46.032"/>
</kw>
<status status="PASS" starttime="20220714 15:16:45.893" endtime="20220714 15:16:46.032"/>
</kw>
<kw name="Submit Filled Up Login Form" library="Login_Resources">
<kw name="Click Button" library="SeleniumLibrary">
<arg>${Signin_submit_button}</arg>
<doc>Clicks the button identified by ``locator``.</doc>
<msg timestamp="20220714 15:16:46.032" level="INFO">Clicking button '//button[@id='send2' and @class='action login primary']'.</msg>
<status status="PASS" starttime="20220714 15:16:46.032" endtime="20220714 15:16:47.700"/>
</kw>
<status status="PASS" starttime="20220714 15:16:46.032" endtime="20220714 15:16:47.701"/>
</kw>
<kw name="Set Global Variable" library="BuiltIn">
<arg>$end_of_test</arg>
<arg>${False}</arg>
<doc>Makes a variable available globally in all tests and suites.</doc>
<msg timestamp="20220714 15:16:47.701" level="INFO">${end_of_test} = False</msg>
<status status="PASS" starttime="20220714 15:16:47.701" endtime="20220714 15:16:47.701"/>
</kw>
<if>
<branch type="IF" condition="&quot;${UserName}&quot; == &quot;${EMPTY}&quot;">
<kw name="Element Should Be Visible" library="SeleniumLibrary">
<arg>${Email_Error}</arg>
<doc>Verifies that the element identified by ``locator`` is visible.</doc>
<status status="NOT RUN" starttime="20220714 15:16:47.703" endtime="20220714 15:16:47.703"/>
</kw>
<kw name="Login Should Fail" library="Login_Resources">
<status status="NOT RUN" starttime="20220714 15:16:47.703" endtime="20220714 15:16:47.703"/>
</kw>
<kw name="Set Global Variable" library="BuiltIn">
<arg>$end_of_test</arg>
<arg>${True}</arg>
<doc>Makes a variable available globally in all tests and suites.</doc>
<status status="NOT RUN" starttime="20220714 15:16:47.703" endtime="20220714 15:16:47.703"/>
</kw>
<status status="NOT RUN" starttime="20220714 15:16:47.702" endtime="20220714 15:16:47.703"/>
</branch>
<status status="PASS" starttime="20220714 15:16:47.701" endtime="20220714 15:16:47.703"/>
</if>
<if>
<branch type="IF" condition="&quot;${end_of_test}&quot; == &quot;${False}&quot;">
<if>
<branch type="IF" condition="&quot;${Password}&quot; == &quot;${EMPTY}&quot;">
<kw name="Element Should Be Visible" library="SeleniumLibrary">
<arg>${Password_error}</arg>
<doc>Verifies that the element identified by ``locator`` is visible.</doc>
<status status="NOT RUN" starttime="20220714 15:16:47.704" endtime="20220714 15:16:47.704"/>
</kw>
<kw name="Login Should Fail" library="Login_Resources">
<status status="NOT RUN" starttime="20220714 15:16:47.704" endtime="20220714 15:16:47.705"/>
</kw>
<kw name="Set Global Variable" library="BuiltIn">
<arg>$end_of_test</arg>
<arg>${True}</arg>
<doc>Makes a variable available globally in all tests and suites.</doc>
<status status="NOT RUN" starttime="20220714 15:16:47.705" endtime="20220714 15:16:47.705"/>
</kw>
<status status="NOT RUN" starttime="20220714 15:16:47.704" endtime="20220714 15:16:47.705"/>
</branch>
<status status="PASS" starttime="20220714 15:16:47.704" endtime="20220714 15:16:47.705"/>
</if>
<status status="PASS" starttime="20220714 15:16:47.704" endtime="20220714 15:16:47.705"/>
</branch>
<status status="PASS" starttime="20220714 15:16:47.703" endtime="20220714 15:16:47.705"/>
</if>
<if>
<branch type="IF" condition="&quot;${end_of_test}&quot; == &quot;${False}&quot;">
<try>
<branch type="TRY">
<kw name="Should Match Regexp" library="BuiltIn">
<arg>${UserName}</arg>
<arg>[A-Za-z0-9.]+@[a-zA-Z0-9]+.com</arg>
<doc>Fails if ``string`` does not match ``pattern`` as a regular expression.</doc>
<status status="PASS" starttime="20220714 15:16:47.705" endtime="20220714 15:16:47.705"/>
</kw>
<status status="PASS" starttime="20220714 15:16:47.705" endtime="20220714 15:16:47.705"/>
</branch>
<branch type="EXCEPT">
<kw name="Element Should Be Visible" library="SeleniumLibrary">
<arg>${Email_Error}</arg>
<doc>Verifies that the element identified by ``locator`` is visible.</doc>
<status status="NOT RUN" starttime="20220714 15:16:47.706" endtime="20220714 15:16:47.706"/>
</kw>
<kw name="Login Should Fail" library="Login_Resources">
<status status="NOT RUN" starttime="20220714 15:16:47.706" endtime="20220714 15:16:47.706"/>
</kw>
<kw name="Set Global Variable" library="BuiltIn">
<arg>$end_of_test</arg>
<arg>${True}</arg>
<doc>Makes a variable available globally in all tests and suites.</doc>
<status status="NOT RUN" starttime="20220714 15:16:47.706" endtime="20220714 15:16:47.706"/>
</kw>
<status status="NOT RUN" starttime="20220714 15:16:47.705" endtime="20220714 15:16:47.706"/>
</branch>
<status status="PASS" starttime="20220714 15:16:47.705" endtime="20220714 15:16:47.706"/>
</try>
<status status="PASS" starttime="20220714 15:16:47.705" endtime="20220714 15:16:47.706"/>
</branch>
<status status="PASS" starttime="20220714 15:16:47.705" endtime="20220714 15:16:47.706"/>
</if>
<if>
<branch type="IF" condition="&quot;${end_of_test}&quot; == &quot;${False}&quot;">
<kw name="Set Global Variable" library="BuiltIn">
<arg>$userMatched</arg>
<arg>${False}</arg>
<doc>Makes a variable available globally in all tests and suites.</doc>
<msg timestamp="20220714 15:16:47.707" level="INFO">${userMatched} = False</msg>
<status status="PASS" starttime="20220714 15:16:47.707" endtime="20220714 15:16:47.707"/>
</kw>
<for flavor="IN">
<var>${profile}</var>
<value>@{Valid_User_info_list}</value>
<iter>
<var name="${profile}">{'User_ID': 'gobinda.cemk07@gmail.com', 'Password': 'Test123'}</var>
<if>
<branch type="IF" condition="'${UserName}' == '${profile[&quot;User_ID&quot;]}'">
<if>
<branch type="IF" condition="'${Password}' == '${profile[&quot;Password&quot;]}'">
<kw name="Login Should Pass" library="Login_Resources">
<status status="NOT RUN" starttime="20220714 15:16:47.708" endtime="20220714 15:16:47.708"/>
</kw>
<kw name="Sleep" library="BuiltIn">
<arg>5</arg>
<doc>Pauses the test executed for the given time.</doc>
<status status="NOT RUN" starttime="20220714 15:16:47.708" endtime="20220714 15:16:47.708"/>
</kw>
<kw name="Click Logout Header Link" library="Login_Resources">
<status status="NOT RUN" starttime="20220714 15:16:47.709" endtime="20220714 15:16:47.709"/>
</kw>
<kw name="Logout Should Pass" library="Login_Resources">
<status status="NOT RUN" starttime="20220714 15:16:47.709" endtime="20220714 15:16:47.709"/>
</kw>
<kw name="Sleep" library="BuiltIn">
<arg>5</arg>
<doc>Pauses the test executed for the given time.</doc>
<status status="NOT RUN" starttime="20220714 15:16:47.709" endtime="20220714 15:16:47.709"/>
</kw>
<kw name="Set Global Variable" library="BuiltIn">
<arg>$userMatched</arg>
<arg>${True}</arg>
<doc>Makes a variable available globally in all tests and suites.</doc>
<status status="NOT RUN" starttime="20220714 15:16:47.709" endtime="20220714 15:16:47.709"/>
</kw>
<kw name="Set Global Variable" library="BuiltIn">
<arg>$end_of_test</arg>
<arg>${True}</arg>
<doc>Makes a variable available globally in all tests and suites.</doc>
<status status="NOT RUN" starttime="20220714 15:16:47.709" endtime="20220714 15:16:47.709"/>
</kw>
<kw name="Exit For Loop" library="BuiltIn">
<doc>Stops executing the enclosing FOR loop.</doc>
<status status="NOT RUN" starttime="20220714 15:16:47.709" endtime="20220714 15:16:47.709"/>
</kw>
<status status="NOT RUN" starttime="20220714 15:16:47.708" endtime="20220714 15:16:47.709"/>
</branch>
<branch type="ELSE">
<kw name="Login Should Fail" library="Login_Resources">
<status status="NOT RUN" starttime="20220714 15:16:47.709" endtime="20220714 15:16:47.709"/>
</kw>
<kw name="Set Global Variable" library="BuiltIn">
<arg>$end_of_test</arg>
<arg>${True}</arg>
<doc>Makes a variable available globally in all tests and suites.</doc>
<status status="NOT RUN" starttime="20220714 15:16:47.709" endtime="20220714 15:16:47.709"/>
</kw>
<kw name="Exit For Loop" library="BuiltIn">
<doc>Stops executing the enclosing FOR loop.</doc>
<status status="NOT RUN" starttime="20220714 15:16:47.709" endtime="20220714 15:16:47.709"/>
</kw>
<status status="NOT RUN" starttime="20220714 15:16:47.709" endtime="20220714 15:16:47.709"/>
</branch>
<status status="NOT RUN" starttime="20220714 15:16:47.708" endtime="20220714 15:16:47.709"/>
</if>
<status status="NOT RUN" starttime="20220714 15:16:47.708" endtime="20220714 15:16:47.710"/>
</branch>
<branch type="ELSE">
<kw name="Continue For Loop" library="BuiltIn">
<doc>Skips the current FOR loop iteration and continues from the next.</doc>
<msg timestamp="20220714 15:16:47.710" level="INFO">Continuing for loop from the next iteration.</msg>
<status status="PASS" starttime="20220714 15:16:47.710" endtime="20220714 15:16:47.710"/>
</kw>
<status status="PASS" starttime="20220714 15:16:47.710" endtime="20220714 15:16:47.710"/>
</branch>
<status status="PASS" starttime="20220714 15:16:47.707" endtime="20220714 15:16:47.710"/>
</if>
<status status="PASS" starttime="20220714 15:16:47.707" endtime="20220714 15:16:47.711"/>
</iter>
<iter>
<var name="${profile}">{'User_ID': 'ggg@mmm.com', 'Password': 'test123'}</var>
<if>
<branch type="IF" condition="'${UserName}' == '${profile[&quot;User_ID&quot;]}'">
<if>
<branch type="IF" condition="'${Password}' == '${profile[&quot;Password&quot;]}'">
<kw name="Login Should Pass" library="Login_Resources">
<status status="NOT RUN" starttime="20220714 15:16:47.712" endtime="20220714 15:16:47.712"/>
</kw>
<kw name="Sleep" library="BuiltIn">
<arg>5</arg>
<doc>Pauses the test executed for the given time.</doc>
<status status="NOT RUN" starttime="20220714 15:16:47.712" endtime="20220714 15:16:47.712"/>
</kw>
<kw name="Click Logout Header Link" library="Login_Resources">
<status status="NOT RUN" starttime="20220714 15:16:47.712" endtime="20220714 15:16:47.712"/>
</kw>
<kw name="Logout Should Pass" library="Login_Resources">
<status status="NOT RUN" starttime="20220714 15:16:47.712" endtime="20220714 15:16:47.712"/>
</kw>
<kw name="Sleep" library="BuiltIn">
<arg>5</arg>
<doc>Pauses the test executed for the given time.</doc>
<status status="NOT RUN" starttime="20220714 15:16:47.713" endtime="20220714 15:16:47.713"/>
</kw>
<kw name="Set Global Variable" library="BuiltIn">
<arg>$userMatched</arg>
<arg>${True}</arg>
<doc>Makes a variable available globally in all tests and suites.</doc>
<status status="NOT RUN" starttime="20220714 15:16:47.713" endtime="20220714 15:16:47.713"/>
</kw>
<kw name="Set Global Variable" library="BuiltIn">
<arg>$end_of_test</arg>
<arg>${True}</arg>
<doc>Makes a variable available globally in all tests and suites.</doc>
<status status="NOT RUN" starttime="20220714 15:16:47.713" endtime="20220714 15:16:47.713"/>
</kw>
<kw name="Exit For Loop" library="BuiltIn">
<doc>Stops executing the enclosing FOR loop.</doc>
<status status="NOT RUN" starttime="20220714 15:16:47.713" endtime="20220714 15:16:47.713"/>
</kw>
<status status="NOT RUN" starttime="20220714 15:16:47.712" endtime="20220714 15:16:47.713"/>
</branch>
<branch type="ELSE">
<kw name="Login Should Fail" library="Login_Resources">
<status status="NOT RUN" starttime="20220714 15:16:47.713" endtime="20220714 15:16:47.713"/>
</kw>
<kw name="Set Global Variable" library="BuiltIn">
<arg>$end_of_test</arg>
<arg>${True}</arg>
<doc>Makes a variable available globally in all tests and suites.</doc>
<status status="NOT RUN" starttime="20220714 15:16:47.713" endtime="20220714 15:16:47.713"/>
</kw>
<kw name="Exit For Loop" library="BuiltIn">
<doc>Stops executing the enclosing FOR loop.</doc>
<status status="NOT RUN" starttime="20220714 15:16:47.713" endtime="20220714 15:16:47.714"/>
</kw>
<status status="NOT RUN" starttime="20220714 15:16:47.713" endtime="20220714 15:16:47.714"/>
</branch>
<status status="NOT RUN" starttime="20220714 15:16:47.712" endtime="20220714 15:16:47.714"/>
</if>
<status status="NOT RUN" starttime="20220714 15:16:47.712" endtime="20220714 15:16:47.714"/>
</branch>
<branch type="ELSE">
<kw name="Continue For Loop" library="BuiltIn">
<doc>Skips the current FOR loop iteration and continues from the next.</doc>
<msg timestamp="20220714 15:16:47.714" level="INFO">Continuing for loop from the next iteration.</msg>
<status status="PASS" starttime="20220714 15:16:47.714" endtime="20220714 15:16:47.715"/>
</kw>
<status status="PASS" starttime="20220714 15:16:47.714" endtime="20220714 15:16:47.715"/>
</branch>
<status status="PASS" starttime="20220714 15:16:47.711" endtime="20220714 15:16:47.715"/>
</if>
<status status="PASS" starttime="20220714 15:16:47.711" endtime="20220714 15:16:47.715"/>
</iter>
<iter>
<var name="${profile}">{'User_ID': 'aaa@sss.com', 'Password': 'test123'}</var>
<if>
<branch type="IF" condition="'${UserName}' == '${profile[&quot;User_ID&quot;]}'">
<if>
<branch type="IF" condition="'${Password}' == '${profile[&quot;Password&quot;]}'">
<kw name="Login Should Pass" library="Login_Resources">
<status status="NOT RUN" starttime="20220714 15:16:47.717" endtime="20220714 15:16:47.717"/>
</kw>
<kw name="Sleep" library="BuiltIn">
<arg>5</arg>
<doc>Pauses the test executed for the given time.</doc>
<status status="NOT RUN" starttime="20220714 15:16:47.717" endtime="20220714 15:16:47.717"/>
</kw>
<kw name="Click Logout Header Link" library="Login_Resources">
<status status="NOT RUN" starttime="20220714 15:16:47.718" endtime="20220714 15:16:47.718"/>
</kw>
<kw name="Logout Should Pass" library="Login_Resources">
<status status="NOT RUN" starttime="20220714 15:16:47.718" endtime="20220714 15:16:47.718"/>
</kw>
<kw name="Sleep" library="BuiltIn">
<arg>5</arg>
<doc>Pauses the test executed for the given time.</doc>
<status status="NOT RUN" starttime="20220714 15:16:47.718" endtime="20220714 15:16:47.718"/>
</kw>
<kw name="Set Global Variable" library="BuiltIn">
<arg>$userMatched</arg>
<arg>${True}</arg>
<doc>Makes a variable available globally in all tests and suites.</doc>
<status status="NOT RUN" starttime="20220714 15:16:47.718" endtime="20220714 15:16:47.718"/>
</kw>
<kw name="Set Global Variable" library="BuiltIn">
<arg>$end_of_test</arg>
<arg>${True}</arg>
<doc>Makes a variable available globally in all tests and suites.</doc>
<status status="NOT RUN" starttime="20220714 15:16:47.718" endtime="20220714 15:16:47.718"/>
</kw>
<kw name="Exit For Loop" library="BuiltIn">
<doc>Stops executing the enclosing FOR loop.</doc>
<status status="NOT RUN" starttime="20220714 15:16:47.718" endtime="20220714 15:16:47.718"/>
</kw>
<status status="NOT RUN" starttime="20220714 15:16:47.716" endtime="20220714 15:16:47.718"/>
</branch>
<branch type="ELSE">
<kw name="Login Should Fail" library="Login_Resources">
<status status="NOT RUN" starttime="20220714 15:16:47.718" endtime="20220714 15:16:47.718"/>
</kw>
<kw name="Set Global Variable" library="BuiltIn">
<arg>$end_of_test</arg>
<arg>${True}</arg>
<doc>Makes a variable available globally in all tests and suites.</doc>
<status status="NOT RUN" starttime="20220714 15:16:47.718" endtime="20220714 15:16:47.718"/>
</kw>
<kw name="Exit For Loop" library="BuiltIn">
<doc>Stops executing the enclosing FOR loop.</doc>
<status status="NOT RUN" starttime="20220714 15:16:47.719" endtime="20220714 15:16:47.719"/>
</kw>
<status status="NOT RUN" starttime="20220714 15:16:47.718" endtime="20220714 15:16:47.719"/>
</branch>
<status status="NOT RUN" starttime="20220714 15:16:47.716" endtime="20220714 15:16:47.719"/>
</if>
<status status="NOT RUN" starttime="20220714 15:16:47.716" endtime="20220714 15:16:47.719"/>
</branch>
<branch type="ELSE">
<kw name="Continue For Loop" library="BuiltIn">
<doc>Skips the current FOR loop iteration and continues from the next.</doc>
<msg timestamp="20220714 15:16:47.719" level="INFO">Continuing for loop from the next iteration.</msg>
<status status="PASS" starttime="20220714 15:16:47.719" endtime="20220714 15:16:47.719"/>
</kw>
<status status="PASS" starttime="20220714 15:16:47.719" endtime="20220714 15:16:47.719"/>
</branch>
<status status="PASS" starttime="20220714 15:16:47.715" endtime="20220714 15:16:47.719"/>
</if>
<status status="PASS" starttime="20220714 15:16:47.715" endtime="20220714 15:16:47.719"/>
</iter>
<status status="PASS" starttime="20220714 15:16:47.707" endtime="20220714 15:16:47.719"/>
</for>
<status status="PASS" starttime="20220714 15:16:47.707" endtime="20220714 15:16:47.719"/>
</branch>
<status status="PASS" starttime="20220714 15:16:47.706" endtime="20220714 15:16:47.720"/>
</if>
<if>
<branch type="IF" condition="&quot;${end_of_test}&quot; == &quot;${False}&quot;">
<if>
<branch type="IF" condition="${userMatched} == ${False}">
<kw name="Login Should Fail" library="Login_Resources">
<kw name="Page Should Contain Element" library="SeleniumLibrary">
<arg>${Login_Header_Link}</arg>
<doc>Verifies that element ``locator`` is found on the current page.</doc>
[...]
<status status="PASS" starttime="20220714 15:18:03.831" endtime="20220714 15:18:04.012"/>
</kw>
<status status="PASS" starttime="20220714 15:18:03.831" endtime="20220714 15:18:04.012"/>
</kw>
<kw name="Input Passwd" library="Login_Resources">
<arg>${Password}</arg>
<kw name="Input Password" library="SeleniumLibrary">
<arg>${Password_inputbox}</arg>
<arg>${Password}</arg>
<doc>Types the given password into the text field identified by ``locator``.</doc>
<msg timestamp="20220714 15:18:04.013" level="INFO">Typing password into text field '//input[@name='login[password]']'.</msg>
<msg timestamp="20220714 15:18:04.073" level="INFO">Temporally setting log level to: NONE</msg>
<msg timestamp="20220714 15:18:04.122" level="INFO">Log level changed from NONE to INFO.</msg>
<status status="PASS" starttime="20220714 15:18:04.013" endtime="20220714 15:18:04.122"/>
</kw>
<status status="PASS" starttime="20220714 15:18:04.012" endtime="20220714 15:18:04.122"/>
</kw>
<kw name="Submit Filled Up Login Form" library="Login_Resources">
<kw name="Click Button" library="SeleniumLibrary">
<arg>${Signin_submit_button}</arg>
<doc>Clicks the button identified by ``locator``.</doc>
<msg timestamp="20220714 15:18:04.125" level="INFO">Clicking button '//button[@id='send2' and @class='action login primary']'.</msg>
<status status="PASS" starttime="20220714 15:18:04.124" endtime="20220714 15:18:05.788"/>
</kw>
<status status="PASS" starttime="20220714 15:18:04.122" endtime="20220714 15:18:05.788"/>
</kw>
<kw name="Set Global Variable" library="BuiltIn">
<arg>$end_of_test</arg>
<arg>${False}</arg>
<doc>Makes a variable available globally in all tests and suites.</doc>
<msg timestamp="20220714 15:18:05.789" level="INFO">${end_of_test} = False</msg>
<status status="PASS" starttime="20220714 15:18:05.788" endtime="20220714 15:18:05.789"/>
</kw>
<if>
<branch type="IF" condition="&quot;${UserName}&quot; == &quot;${EMPTY}&quot;">
<kw name="Element Should Be Visible" library="SeleniumLibrary">
<arg>${Email_Error}</arg>
<doc>Verifies that the element identified by ``locator`` is visible.</doc>
<status status="NOT RUN" starttime="20220714 15:18:05.790" endtime="20220714 15:18:05.791"/>
</kw>
<kw name="Login Should Fail" library="Login_Resources">
<status status="NOT RUN" starttime="20220714 15:18:05.791" endtime="20220714 15:18:05.791"/>
</kw>
<kw name="Set Global Variable" library="BuiltIn">
<arg>$end_of_test</arg>
<arg>${True}</arg>
<doc>Makes a variable available globally in all tests and suites.</doc>
<status status="NOT RUN" starttime="20220714 15:18:05.791" endtime="20220714 15:18:05.791"/>
</kw>
<status status="NOT RUN" starttime="20220714 15:18:05.790" endtime="20220714 15:18:05.791"/>
</branch>
<status status="PASS" starttime="20220714 15:18:05.789" endtime="20220714 15:18:05.791"/>
</if>
<if>
<branch type="IF" condition="&quot;${end_of_test}&quot; == &quot;${False}&quot;">
<if>
<branch type="IF" condition="&quot;${Password}&quot; == &quot;${EMPTY}&quot;">
<kw name="Element Should Be Visible" library="SeleniumLibrary">
<arg>${Password_error}</arg>
<doc>Verifies that the element identified by ``locator`` is visible.</doc>
<status status="NOT RUN" starttime="20220714 15:18:05.792" endtime="20220714 15:18:05.792"/>
</kw>
<kw name="Login Should Fail" library="Login_Resources">
<status status="NOT RUN" starttime="20220714 15:18:05.792" endtime="20220714 15:18:05.793"/>
</kw>
<kw name="Set Global Variable" library="BuiltIn">
<arg>$end_of_test</arg>
<arg>${True}</arg>
<doc>Makes a variable available globally in all tests and suites.</doc>
<status status="NOT RUN" starttime="20220714 15:18:05.793" endtime="20220714 15:18:05.793"/>
</kw>
<status status="NOT RUN" starttime="20220714 15:18:05.792" endtime="20220714 15:18:05.793"/>
</branch>
<status status="PASS" starttime="20220714 15:18:05.791" endtime="20220714 15:18:05.793"/>
</if>
<status status="PASS" starttime="20220714 15:18:05.791" endtime="20220714 15:18:05.793"/>
</branch>
<status status="PASS" starttime="20220714 15:18:05.791" endtime="20220714 15:18:05.793"/>
</if>
<if>
<branch type="IF" condition="&quot;${end_of_test}&quot; == &quot;${False}&quot;">
<try>
<branch type="TRY">
<kw name="Should Match Regexp" library="BuiltIn">
<arg>${UserName}</arg>
<arg>[A-Za-z0-9.]+@[a-zA-Z0-9]+.com</arg>
<doc>Fails if ``string`` does not match ``pattern`` as a regular expression.</doc>
<status status="PASS" starttime="20220714 15:18:05.794" endtime="20220714 15:18:05.795"/>
</kw>
<status status="PASS" starttime="20220714 15:18:05.794" endtime="20220714 15:18:05.795"/>
</branch>
<branch type="EXCEPT">
<kw name="Element Should Be Visible" library="SeleniumLibrary">
<arg>${Email_Error}</arg>
<doc>Verifies that the element identified by ``locator`` is visible.</doc>
<status status="NOT RUN" starttime="20220714 15:18:05.795" endtime="20220714 15:18:05.795"/>
</kw>
<kw name="Login Should Fail" library="Login_Resources">
<status status="NOT RUN" starttime="20220714 15:18:05.796" endtime="20220714 15:18:05.796"/>
</kw>
<kw name="Set Global Variable" library="BuiltIn">
<arg>$end_of_test</arg>
<arg>${True}</arg>
<doc>Makes a variable available globally in all tests and suites.</doc>
<status status="NOT RUN" starttime="20220714 15:18:05.796" endtime="20220714 15:18:05.796"/>
</kw>
<status status="NOT RUN" starttime="20220714 15:18:05.795" endtime="20220714 15:18:05.796"/>
</branch>
<status status="PASS" starttime="20220714 15:18:05.794" endtime="20220714 15:18:05.796"/>
</try>
<status status="PASS" starttime="20220714 15:18:05.793" endtime="20220714 15:18:05.796"/>
</branch>
<status status="PASS" starttime="20220714 15:18:05.793" endtime="20220714 15:18:05.796"/>
</if>
<if>
<branch type="IF" condition="&quot;${end_of_test}&quot; == &quot;${False}&quot;">
<kw name="Set Global Variable" library="BuiltIn">
<arg>$userMatched</arg>
<arg>${False}</arg>
<doc>Makes a variable available globally in all tests and suites.</doc>
<msg timestamp="20220714 15:18:05.799" level="INFO">${userMatched} = False</msg>
<status status="PASS" starttime="20220714 15:18:05.799" endtime="20220714 15:18:05.800"/>
</kw>
<for flavor="IN">
<var>${profile}</var>
<value>@{Valid_User_info_list}</value>
<iter>
<var name="${profile}">{'User_ID': 'gobinda.cemk07@gmail.com', 'Password': 'Test123'}</var>
<if>
<branch type="IF" condition="'${UserName}' == '${profile[&quot;User_ID&quot;]}'">
<if>
<branch type="IF" condition="'${Password}' == '${profile[&quot;Password&quot;]}'">
<kw name="Login Should Pass" library="Login_Resources">
<status status="NOT RUN" starttime="20220714 15:18:05.801" endtime="20220714 15:18:05.801"/>
</kw>
<kw name="Sleep" library="BuiltIn">
<arg>5</arg>
<doc>Pauses the test executed for the given time.</doc>
<status status="NOT RUN" starttime="20220714 15:18:05.801" endtime="20220714 15:18:05.801"/>
</kw>
<kw name="Click Logout Header Link" library="Login_Resources">
<status status="NOT RUN" starttime="20220714 15:18:05.801" endtime="20220714 15:18:05.801"/>
</kw>
<kw name="Logout Should Pass" library="Login_Resources">
<status status="NOT RUN" starttime="20220714 15:18:05.801" endtime="20220714 15:18:05.801"/>
</kw>
<kw name="Sleep" library="BuiltIn">
<arg>5</arg>
<doc>Pauses the test executed for the given time.</doc>
<status status="NOT RUN" starttime="20220714 15:18:05.801" endtime="20220714 15:18:05.802"/>
</kw>
<kw name="Set Global Variable" library="BuiltIn">
<arg>$userMatched</arg>
<arg>${True}</arg>
<doc>Makes a variable available globally in all tests and suites.</doc>
<status status="NOT RUN" starttime="20220714 15:18:05.802" endtime="20220714 15:18:05.802"/>
</kw>
<kw name="Set Global Variable" library="BuiltIn">
<arg>$end_of_test</arg>
<arg>${True}</arg>
<doc>Makes a variable available globally in all tests and suites.</doc>
<status status="NOT RUN" starttime="20220714 15:18:05.802" endtime="20220714 15:18:05.802"/>
</kw>
<kw name="Exit For Loop" library="BuiltIn">
<doc>Stops executing the enclosing FOR loop.</doc>
<status status="NOT RUN" starttime="20220714 15:18:05.802" endtime="20220714 15:18:05.802"/>
</kw>
<status status="NOT RUN" starttime="20220714 15:18:05.801" endtime="20220714 15:18:05.802"/>
</branch>
<branch type="ELSE">
<kw name="Login Should Fail" library="Login_Resources">
<status status="NOT RUN" starttime="20220714 15:18:05.802" endtime="20220714 15:18:05.802"/>
</kw>
<kw name="Set Global Variable" library="BuiltIn">
<arg>$end_of_test</arg>
<arg>${True}</arg>
<doc>Makes a variable available globally in all tests and suites.</doc>
<status status="NOT RUN" starttime="20220714 15:18:05.803" endtime="20220714 15:18:05.803"/>
</kw>
<kw name="Exit For Loop" library="BuiltIn">
<doc>Stops executing the enclosing FOR loop.</doc>
<status status="NOT RUN" starttime="20220714 15:18:05.803" endtime="20220714 15:18:05.803"/>
</kw>
<status status="NOT RUN" starttime="20220714 15:18:05.802" endtime="20220714 15:18:05.803"/>
</branch>
<status status="NOT RUN" starttime="20220714 15:18:05.801" endtime="20220714 15:18:05.803"/>
</if>
<status status="NOT RUN" starttime="20220714 15:18:05.801" endtime="20220714 15:18:05.803"/>
</branch>
<branch type="ELSE">
<kw name="Continue For Loop" library="BuiltIn">
<doc>Skips the current FOR loop iteration and continues from the next.</doc>
<msg timestamp="20220714 15:18:05.803" level="INFO">Continuing for loop from the next iteration.</msg>
<status status="PASS" starttime="20220714 15:18:05.803" endtime="20220714 15:18:05.803"/>
</kw>
<status status="PASS" starttime="20220714 15:18:05.803" endtime="20220714 15:18:05.803"/>
</branch>
<status status="PASS" starttime="20220714 15:18:05.800" endtime="20220714 15:18:05.803"/>
</if>
<status status="PASS" starttime="20220714 15:18:05.800" endtime="20220714 15:18:05.803"/>
</iter>
<iter>
<var name="${profile}">{'User_ID': 'ggg@mmm.com', 'Password': 'test123'}</var>
<if>
<branch type="IF" condition="'${UserName}' == '${profile[&quot;User_ID&quot;]}'">
<if>
<branch type="IF" condition="'${Password}' == '${profile[&quot;Password&quot;]}'">
<kw name="Login Should Pass" library="Login_Resources">
<status status="NOT RUN" starttime="20220714 15:18:05.806" endtime="20220714 15:18:05.806"/>
</kw>
<kw name="Sleep" library="BuiltIn">
<arg>5</arg>
<doc>Pauses the test executed for the given time.</doc>
<status status="NOT RUN" starttime="20220714 15:18:05.806" endtime="20220714 15:18:05.806"/>
</kw>
<kw name="Click Logout Header Link" library="Login_Resources">
<status status="NOT RUN" starttime="20220714 15:18:05.806" endtime="20220714 15:18:05.806"/>
</kw>
<kw name="Logout Should Pass" library="Login_Resources">
<status status="NOT RUN" starttime="20220714 15:18:05.806" endtime="20220714 15:18:05.806"/>
</kw>
<kw name="Sleep" library="BuiltIn">
<arg>5</arg>
<doc>Pauses the test executed for the given time.</doc>
<status status="NOT RUN" starttime="20220714 15:18:05.806" endtime="20220714 15:18:05.806"/>
</kw>
<kw name="Set Global Variable" library="BuiltIn">
<arg>$userMatched</arg>
<arg>${True}</arg>
<doc>Makes a variable available globally in all tests and suites.</doc>
<status status="NOT RUN" starttime="20220714 15:18:05.806" endtime="20220714 15:18:05.806"/>
</kw>
<kw name="Set Global Variable" library="BuiltIn">
<arg>$end_of_test</arg>
<arg>${True}</arg>
<doc>Makes a variable available globally in all tests and suites.</doc>
<status status="NOT RUN" starttime="20220714 15:18:05.807" endtime="20220714 15:18:05.807"/>
</kw>
<kw name="Exit For Loop" library="BuiltIn">
<doc>Stops executing the enclosing FOR loop.</doc>
<status status="NOT RUN" starttime="20220714 15:18:05.807" endtime="20220714 15:18:05.807"/>
</kw>
<status status="NOT RUN" starttime="20220714 15:18:05.805" endtime="20220714 15:18:05.807"/>
</branch>
<branch type="ELSE">
<kw name="Login Should Fail" library="Login_Resources">
<status status="NOT RUN" starttime="20220714 15:18:05.807" endtime="20220714 15:18:05.807"/>
</kw>
<kw name="Set Global Variable" library="BuiltIn">
<arg>$end_of_test</arg>
<arg>${True}</arg>
<doc>Makes a variable available globally in all tests and suites.</doc>
<status status="NOT RUN" starttime="20220714 15:18:05.807" endtime="20220714 15:18:05.807"/>
</kw>
<kw name="Exit For Loop" library="BuiltIn">
<doc>Stops executing the enclosing FOR loop.</doc>
<status status="NOT RUN" starttime="20220714 15:18:05.807" endtime="20220714 15:18:05.807"/>
</kw>
<status status="NOT RUN" starttime="20220714 15:18:05.807" endtime="20220714 15:18:05.807"/>
</branch>
<status status="NOT RUN" starttime="20220714 15:18:05.805" endtime="20220714 15:18:05.807"/>
</if>
<status status="NOT RUN" starttime="20220714 15:18:05.805" endtime="20220714 15:18:05.807"/>
</branch>
<branch type="ELSE">
<kw name="Continue For Loop" library="BuiltIn">
<doc>Skips the current FOR loop iteration and continues from the next.</doc>
<msg timestamp="20220714 15:18:05.807" level="INFO">Continuing for loop from the next iteration.</msg>
<status status="PASS" starttime="20220714 15:18:05.807" endtime="20220714 15:18:05.808"/>
</kw>
<status status="PASS" starttime="20220714 15:18:05.807" endtime="20220714 15:18:05.808"/>
</branch>
<status status="PASS" starttime="20220714 15:18:05.804" endtime="20220714 15:18:05.808"/>
</if>
<status status="PASS" starttime="20220714 15:18:05.803" endtime="20220714 15:18:05.808"/>
</iter>
<iter>
<var name="${profile}">{'User_ID': 'aaa@sss.com', 'Password': 'test123'}</var>
<if>
<branch type="IF" condition="'${UserName}' == '${profile[&quot;User_ID&quot;]}'">
<if>
<branch type="IF" condition="'${Password}' == '${profile[&quot;Password&quot;]}'">
<kw name="Login Should Pass" library="Login_Resources">
<status status="NOT RUN" starttime="20220714 15:18:05.810" endtime="20220714 15:18:05.810"/>
</kw>
<kw name="Sleep" library="BuiltIn">
<arg>5</arg>
<doc>Pauses the test executed for the given time.</doc>
<status status="NOT RUN" starttime="20220714 15:18:05.810" endtime="20220714 15:18:05.810"/>
</kw>
<kw name="Click Logout Header Link" library="Login_Resources">
<status status="NOT RUN" starttime="20220714 15:18:05.810" endtime="20220714 15:18:05.810"/>
</kw>
<kw name="Logout Should Pass" library="Login_Resources">
<status status="NOT RUN" starttime="20220714 15:18:05.810" endtime="20220714 15:18:05.810"/>
</kw>
<kw name="Sleep" library="BuiltIn">
<arg>5</arg>
<doc>Pauses the test executed for the given time.</doc>
<status status="NOT RUN" starttime="20220714 15:18:05.810" endtime="20220714 15:18:05.810"/>
</kw>
<kw name="Set Global Variable" library="BuiltIn">
<arg>$userMatched</arg>
<arg>${True}</arg>
<doc>Makes a variable available globally in all tests and suites.</doc>
<status status="NOT RUN" starttime="20220714 15:18:05.810" endtime="20220714 15:18:05.810"/>
</kw>
<kw name="Set Global Variable" library="BuiltIn">
<arg>$end_of_test</arg>
<arg>${True}</arg>
<doc>Makes a variable available globally in all tests and suites.</doc>
<status status="NOT RUN" starttime="20220714 15:18:05.810" endtime="20220714 15:18:05.810"/>
</kw>
<kw name="Exit For Loop" library="BuiltIn">
<doc>Stops executing the enclosing FOR loop.</doc>
<status status="NOT RUN" starttime="20220714 15:18:05.810" endtime="20220714 15:18:05.810"/>
</kw>
<status status="NOT RUN" starttime="20220714 15:18:05.810" endtime="20220714 15:18:05.810"/>
</branch>
<branch type="ELSE">
<kw name="Login Should Fail" library="Login_Resources">
<status status="NOT RUN" starttime="20220714 15:18:05.811" endtime="20220714 15:18:05.811"/>
</kw>
<kw name="Set Global Variable" library="BuiltIn">
<arg>$end_of_test</arg>
<arg>${True}</arg>
<doc>Makes a variable available globally in all tests and suites.</doc>
<status status="NOT RUN" starttime="20220714 15:18:05.811" endtime="20220714 15:18:05.811"/>
</kw>
<kw name="Exit For Loop" library="BuiltIn">
<doc>Stops executing the enclosing FOR loop.</doc>
<status status="NOT RUN" starttime="20220714 15:18:05.811" endtime="20220714 15:18:05.811"/>
</kw>
<status status="NOT RUN" starttime="20220714 15:18:05.811" endtime="20220714 15:18:05.811"/>
</branch>
<status status="NOT RUN" starttime="20220714 15:18:05.809" endtime="20220714 15:18:05.811"/>
</if>
<status status="NOT RUN" starttime="20220714 15:18:05.809" endtime="20220714 15:18:05.811"/>
</branch>
<branch type="ELSE">
<kw name="Continue For Loop" library="BuiltIn">
<doc>Skips the current FOR loop iteration and continues from the next.</doc>
<msg timestamp="20220714 15:18:05.812" level="INFO">Continuing for loop from the next iteration.</msg>
<status status="PASS" starttime="20220714 15:18:05.811" endtime="20220714 15:18:05.812"/>
</kw>
<status status="PASS" starttime="20220714 15:18:05.811" endtime="20220714 15:18:05.812"/>
</branch>
<status status="PASS" starttime="20220714 15:18:05.808" endtime="20220714 15:18:05.812"/>
</if>
<status status="PASS" starttime="20220714 15:18:05.808" endtime="20220714 15:18:05.812"/>
</iter>
<status status="PASS" starttime="20220714 15:18:05.800" endtime="20220714 15:18:05.812"/>
</for>
<status status="PASS" starttime="20220714 15:18:05.798" endtime="20220714 15:18:05.812"/>
</branch>
<status status="PASS" starttime="20220714 15:18:05.797" endtime="20220714 15:18:05.812"/>
</if>
<if>
<branch type="IF" condition="&quot;${end_of_test}&quot; == &quot;${False}&quot;">
<if>
<branch type="IF" condition="${userMatched} == ${False}">
<kw name="Login Should Fail" library="Login_Resources">
<kw name="Page Should Contain Element" library="SeleniumLibrary">
<arg>${Login_Header_Link}</arg>
<doc>Verifies that element ``locator`` is found on the current page.</doc>
<msg timestamp="20220714 15:18:05.857" level="INFO">Current page contains element '//div[@class='dropdown-item account']//a[text()='Log In']'.</msg>
<status status="PASS" starttime="20220714 15:18:05.815" endtime="20220714 15:18:05.857"/>
</kw>
<kw name="Page Should Not Contain Element" library="SeleniumLibrary">
<arg>${Logout_Header_Link}</arg>
<doc>Verifies that element ``locator`` is not found on the current page.</doc>
<msg timestamp="20220714 15:18:05.868" level="INFO">Current page does not contain element '//div[@class='dropdown-item account']//a[text()='Log Out']'.</msg>
<status status="PASS" starttime="20220714 15:18:05.857" endtime="20220714 15:18:05.868"/>
</kw>
<status status="PASS" starttime="20220714 15:18:05.813" endtime="20220714 15:18:05.869"/>
</kw>
<kw name="Set Global Variable" library="BuiltIn">
<arg>$end_of_test</arg>
<arg>${True}</arg>
<doc>Makes a variable available globally in all tests and suites.</doc>
<msg timestamp="20220714 15:18:05.869" level="INFO">${end_of_test} = True</msg>
<status status="PASS" starttime="20220714 15:18:05.869" endtime="20220714 15:18:05.869"/>
</kw>
<status status="PASS" starttime="20220714 15:18:05.813" endtime="20220714 15:18:05.869"/>
</branch>
<status status="PASS" starttime="20220714 15:18:05.812" endtime="20220714 15:18:05.869"/>
</if>
<status status="PASS" starttime="20220714 15:18:05.812" endtime="20220714 15:18:05.869"/>
</branch>
<status status="PASS" starttime="20220714 15:18:05.812" endtime="20220714 15:18:05.869"/>
</if>
<status status="PASS" starttime="20220714 15:17:58.907" endtime="20220714 15:18:05.870"/>
</kw>
<status status="PASS" starttime="20220714 15:17:58.905" endtime="20220714 15:18:05.871"/>
</test>
<kw name="Close Browsers" library="GenericKeyword" type="TEARDOWN">
<kw name="Close All Browsers" library="SeleniumLibrary">
<doc>Closes all open browsers and resets the browser cache.</doc>
<status status="PASS" starttime="20220714 15:18:05.873" endtime="20220714 15:18:08.044"/>
</kw>
<status status="PASS" starttime="20220714 15:18:05.873" endtime="20220714 15:18:08.045"/>
</kw>
<status status="PASS" starttime="20220714 15:16:16.301" endtime="20220714 15:18:08.045"/>
</suite>
<statistics>
<total>
<stat pass="12" fail="0" skip="0">All Tests</stat>
</total>
<tag>
</tag>
<suite>
<stat pass="12" fail="0" skip="0" id="s1" name="LoginTest">LoginTest</stat>
</suite>
</statistics>
<errors>
</errors>
</robot>
