<?xml version="1.0" encoding="UTF-8"?>
<robot generator="Robot 4.0.3 (Python 3.10.5 on win32)" generated="20220706 15:24:00.102" rpa="false" schemaversion="2">
<suite id="s1" name="Searchfun" source="C:\Users\srava\PycharmProjects\AluTest\Testcases\searchfun.robot">
<kw name="open my browser" type="SETUP">
<kw name="Open Browser" library="SeleniumLibrary">
<arg>${URL}</arg>
<arg>chrome</arg>
<doc>Opens a new browser instance to the optional ``url``.</doc>
<msg timestamp="20220706 15:24:00.642" level="INFO">Opening browser 'chrome' to base url 'https://www.ddecor.com/'.</msg>
<status status="PASS" starttime="20220706 15:24:00.642" endtime="20220706 15:24:06.059"/>
</kw>
<status status="PASS" starttime="20220706 15:24:00.642" endtime="20220706 15:24:06.059"/>
</kw>
<test id="s1-t1" name="Search_funationality">
<kw name="Verify the Homepage">
<msg timestamp="20220706 15:24:06.062" level="FAIL">Keyword with same name defined multiple times.</msg>
<status status="FAIL" starttime="20220706 15:24:06.062" endtime="20220706 15:24:06.062"/>
</kw>
<kw name="Input Keyword and verify the Search result page">
<status status="NOT RUN" starttime="20220706 15:24:06.062" endtime="20220706 15:24:06.062"/>
</kw>
<kw name="Verify Relevant searched products displayed">
<status status="NOT RUN" starttime="20220706 15:24:06.063" endtime="20220706 15:24:06.063"/>
</kw>
<kw name="Close Browser" library="SeleniumLibrary">
<doc>Closes the current browser.</doc>
<status status="NOT RUN" starttime="20220706 15:24:06.064" endtime="20220706 15:24:06.064"/>
</kw>
<doc>Search results displayed should be relevant to search keyword</doc>
<status status="FAIL" starttime="20220706 15:24:06.060" endtime="20220706 15:24:06.064">Keyword with same name defined multiple times.</status>
</test>
<test id="s1-t2" name="Search_functionality_2">
<kw name="Verify the Homepage">
<msg timestamp="20220706 15:24:06.067" level="FAIL">Keyword with same name defined multiple times.</msg>
<status status="FAIL" starttime="20220706 15:24:06.067" endtime="20220706 15:24:06.067"/>
</kw>
<kw name="Input % in to Search text Field">
<status status="NOT RUN" starttime="20220706 15:24:06.068" endtime="20220706 15:24:06.068"/>
</kw>
<kw name="Verify 404 Error page not displaying">
<status status="NOT RUN" starttime="20220706 15:24:06.068" endtime="20220706 15:24:06.068"/>
</kw>
<doc>% Sign in search keyword should not redirect to 404 ERROR</doc>
<status status="FAIL" starttime="20220706 15:24:06.066" endtime="20220706 15:24:06.069">Keyword with same name defined multiple times.</status>
</test>
<test id="s1-t3" name="Search_functionality_2">
<kw name="Verify the Homepage">
<msg timestamp="20220706 15:24:06.072" level="FAIL">Keyword with same name defined multiple times.</msg>
<status status="FAIL" starttime="20220706 15:24:06.072" endtime="20220706 15:24:06.072"/>
</kw>
<kw name="Input Text" library="SeleniumLibrary">
<arg>${Search_textfield</arg>
<arg>Prism</arg>
<doc>Types the given ``text`` into the text field identified by ``locator``.</doc>
<status status="NOT RUN" starttime="20220706 15:24:06.072" endtime="20220706 15:24:06.072"/>
</kw>
<kw name="Verify_auto_suggetions">
<status status="NOT RUN" starttime="20220706 15:24:06.073" endtime="20220706 15:24:06.073"/>
</kw>
<doc>When user start typing word in text box it should suggest words that matches typed keyword</doc>
<status status="FAIL" starttime="20220706 15:24:06.071" endtime="20220706 15:24:06.074">Keyword with same name defined multiple times.</status>
</test>
<kw name="Close All Browsers" library="SeleniumLibrary" type="TEARDOWN">
<doc>Closes all open browsers and resets the browser cache.</doc>
<status status="PASS" starttime="20220706 15:24:06.077" endtime="20220706 15:24:08.426"/>
</kw>
<status status="FAIL" starttime="20220706 15:24:00.102" endtime="20220706 15:24:08.426"/>
</suite>
<statistics>
<total>
<stat pass="0" fail="3" skip="0">All Tests</stat>
</total>
<tag>
</tag>
<suite>
<stat pass="0" fail="3" skip="0" id="s1" name="Searchfun">Searchfun</stat>
</suite>
</statistics>
<errors>
<msg timestamp="20220706 15:24:00.102" level="ERROR">Error in test case file 'C:\Users\srava\PycharmProjects\AluTest\Testcases\searchfun.robot': Creating keyword 'Verify the Homepage' failed: Keyword with same name defined multiple times.</msg>
<msg timestamp="20220706 15:24:06.070" level="WARN">Multiple test cases with name 'Search_functionality_2' executed in test suite 'Searchfun'.</msg>
</errors>
</robot>
