<?xml version="1.0" encoding="UTF-8"?>
<robot generator="Robot 4.0.3 (Python 3.10.5 on win32)" generated="20220712 10:09:32.309" rpa="false" schemaversion="2">
<suite id="s1" name="Searchfun" source="C:\Users\srava\PycharmProjects\AluTest\Testcases\Searchfun.robot">
<kw name="open my browser" type="SETUP">
<kw name="Open Browser" library="SeleniumLibrary">
<arg>${URL}</arg>
<arg>chrome</arg>
<doc>Opens a new browser instance to the optional ``url``.</doc>
<msg timestamp="20220712 10:09:32.795" level="INFO">Opening browser 'chrome' to base url 'https://www.ddecor.com/'.</msg>
<status status="PASS" starttime="20220712 10:09:32.795" endtime="20220712 10:09:37.382"/>
</kw>
<kw name="Close pop up and Verify Homepage">
<kw name="Close PopUp">
<kw name="Click Element" library="SeleniumLibrary">
<arg>${close_popup}</arg>
<doc>Click the element identified by ``locator``.</doc>
<msg timestamp="20220712 10:09:37.385" level="INFO">Clicking element '//a[@class='close_no_thanks']'.</msg>
<status status="PASS" starttime="20220712 10:09:37.384" endtime="20220712 10:09:37.558"/>
</kw>
<status status="PASS" starttime="20220712 10:09:37.383" endtime="20220712 10:09:37.558"/>
</kw>
<kw name="Set Selenium Implicit Wait" library="SeleniumLibrary">
<arg>5 seconds</arg>
<doc>Sets the implicit wait value used by Selenium.</doc>
<status status="PASS" starttime="20220712 10:09:37.558" endtime="20220712 10:09:37.560"/>
</kw>
<kw name="Verify Homepage">
<kw name="Element Should Be Visible" library="SeleniumLibrary">
<arg>${Search_button}</arg>
<doc>Verifies that the element identified by ``locator`` is visible.</doc>
<msg timestamp="20220712 10:09:37.621" level="INFO">Element '//i[@class='meigee-search']' is displayed.</msg>
<status status="PASS" starttime="20220712 10:09:37.561" endtime="20220712 10:09:37.621"/>
</kw>
<status status="PASS" starttime="20220712 10:09:37.560" endtime="20220712 10:09:37.621"/>
</kw>
<status status="PASS" starttime="20220712 10:09:37.382" endtime="20220712 10:09:37.622"/>
</kw>
<status status="PASS" starttime="20220712 10:09:32.788" endtime="20220712 10:09:37.622"/>
</kw>
<test id="s1-t1" name="testcase06">
<kw name="Click on Search">
<kw name="Click Element" library="SeleniumLibrary">
<arg>${Search_button}</arg>
<doc>Click the element identified by ``locator``.</doc>
<msg timestamp="20220712 10:09:37.623" level="INFO">Clicking element '//i[@class='meigee-search']'.</msg>
<status status="PASS" starttime="20220712 10:09:37.623" endtime="20220712 10:09:38.260"/>
</kw>
<status status="PASS" starttime="20220712 10:09:37.623" endtime="20220712 10:09:38.260"/>
</kw>
<kw name="Get Element Attribute" library="SeleniumLibrary">
<var>${search_text_field_placeholder_text}</var>
<arg>${Search_textfield}</arg>
<arg>placeholder</arg>
<doc>Returns the value of ``attribute`` from the element ``locator``.</doc>
<msg timestamp="20220712 10:09:38.261" level="WARN">Keyword 'Get Element Attribute' found both from a custom test library 'SeleniumLibrary' and a standard library 'XML'. The custom keyword is used. To select explicitly, and to get rid of this warning, use either 'SeleniumLibrary.Get Element Attribute' or 'XML.Get Element Attribute'.</msg>
<msg timestamp="20220712 10:09:38.307" level="INFO">${search_text_field_placeholder_text} = Search entire store here...</msg>
<status status="PASS" starttime="20220712 10:09:38.261" endtime="20220712 10:09:38.307"/>
</kw>
<kw name="Log To Console" library="BuiltIn">
<arg>${search_text_field_placeholder_text}</arg>
<doc>Logs the given message to the console.</doc>
<status status="PASS" starttime="20220712 10:09:38.307" endtime="20220712 10:09:38.307"/>
</kw>
<kw name="Element Attribute Value Should Be" library="SeleniumLibrary">
<arg>${Search_textfield}</arg>
<arg>placeholder</arg>
<arg>Search entire store here...</arg>
<doc>Verifies element identified by ``locator`` contains expected attribute value.</doc>
<msg timestamp="20220712 10:09:38.339" level="INFO">Element 'id:search' attribute 'placeholder' contains value 'Search entire store here...'.</msg>
<status status="PASS" starttime="20220712 10:09:38.307" endtime="20220712 10:09:38.339"/>
</kw>
<doc>Water text should be provided for user to understand what to search</doc>
<status status="PASS" starttime="20220712 10:09:37.622" endtime="20220712 10:09:38.339"/>
</test>
<kw name="Close All Browsers" library="SeleniumLibrary" type="TEARDOWN">
<doc>Closes all open browsers and resets the browser cache.</doc>
<status status="PASS" starttime="20220712 10:09:38.341" endtime="20220712 10:09:40.637"/>
</kw>
<status status="PASS" starttime="20220712 10:09:32.309" endtime="20220712 10:09:40.637"/>
</suite>
<statistics>
<total>
<stat pass="1" fail="0" skip="0">All Tests</stat>
</total>
<tag>
</tag>
<suite>
<stat pass="1" fail="0" skip="0" id="s1" name="Searchfun">Searchfun</stat>
</suite>
</statistics>
<errors>
<msg timestamp="20220712 10:09:38.261" level="WARN">Keyword 'Get Element Attribute' found both from a custom test library 'SeleniumLibrary' and a standard library 'XML'. The custom keyword is used. To select explicitly, and to get rid of this warning, use either 'SeleniumLibrary.Get Element Attribute' or 'XML.Get Element Attribute'.</msg>
</errors>
</robot>
